Log file open, 11/27/23 20:44:29
LogWindows: Failed to load 'aqProf.dll' (GetLastError=126)
LogWindows: File 'aqProf.dll' does not exist
LogWindows: Failed to load 'VtuneApi.dll' (GetLastError=126)
LogWindows: File 'VtuneApi.dll' does not exist
LogWindows: Failed to load 'VtuneApi32e.dll' (GetLastError=126)
LogWindows: File 'VtuneApi32e.dll' does not exist
LogConsoleResponse: Display: Failed to find resolution value strings in scalability ini. Falling back to default.
LogConsoleResponse: Display: Failed to find resolution value strings in scalability ini. Falling back to default.
LogInit: Display: Running engine for game: pp03WiktoriaĆmiel
LogPlatformFile: Not using cached read wrapper
LogTaskGraph: Started task graph with 5 named threads and 35 total threads with 3 sets of task threads.
LogStats: Stats thread started at 0.211247
LogICUInternationalization: ICU TimeZone Detection - Raw Offset: +1:00, Platform Override: ''
LogInit: Display: Loading text-based GConfig....
LogPluginManager: Mounting plugin MeshPainting
LogPluginManager: Mounting plugin XGEController
LogPluginManager: Mounting plugin Paper2D
LogPluginManager: Mounting plugin LightPropagationVolume
LogPluginManager: Mounting plugin AISupport
LogPluginManager: Mounting plugin EnvironmentQueryEditor
LogPluginManager: Mounting plugin LiveLink
LogPluginManager: Mounting plugin GameplayCameras
LogPluginManager: Mounting plugin CameraShakePreviewer
LogPluginManager: Mounting plugin OodleNetwork
LogPluginManager: Mounting plugin OodleData
LogPluginManager: Mounting plugin AnimationSharing
LogPluginManager: Mounting plugin CLionSourceCodeAccess
LogPluginManager: Mounting plugin CodeLiteSourceCodeAccess
LogPluginManager: Mounting plugin GitSourceControl
LogPluginManager: Mounting plugin KDevelopSourceCodeAccess
LogPluginManager: Mounting plugin NullSourceCodeAccess
LogPluginManager: Mounting plugin PixWinPlugin
LogPluginManager: Mounting plugin PerforceSourceControl
LogPluginManager: Mounting plugin PlasticSourceControl
LogPluginManager: Mounting plugin PropertyAccessNode
LogPluginManager: Mounting plugin PluginUtils
LogPluginManager: Mounting plugin RiderSourceCodeAccess
LogPluginManager: Mounting plugin TextureFormatOodle
LogPluginManager: Mounting plugin SubversionSourceControl
LogPluginManager: Mounting plugin AssetManagerEditor
LogPluginManager: Mounting plugin UObjectPlugin
LogPluginManager: Mounting plugin VisualStudioCodeSourceCodeAccess
LogPluginManager: Mounting plugin VisualStudioSourceCodeAccess
LogPluginManager: Mounting plugin XCodeSourceCodeAccess
LogPluginManager: Mounting plugin CryptoKeys
LogPluginManager: Mounting plugin CurveEditorTools
LogPluginManager: Mounting plugin DataValidation
LogPluginManager: Mounting plugin FacialAnimation
LogPluginManager: Mounting plugin GameplayTagsEditor
LogPluginManager: Mounting plugin MacGraphicsSwitching
LogPluginManager: Mounting plugin GeometryMode
LogPluginManager: Mounting plugin MaterialAnalyzer
LogPluginManager: Mounting plugin MobileLauncherProfileWizard
LogPluginManager: Mounting plugin PluginBrowser
LogPluginManager: Mounting plugin SpeedTreeImporter
LogPluginManager: Mounting plugin AlembicImporter
LogPluginManager: Mounting plugin BackChannel
LogPluginManager: Mounting plugin AutomationUtils
LogPluginManager: Mounting plugin ChaosCloth
LogPluginManager: Mounting plugin ChaosClothEditor
LogPluginManager: Mounting plugin ChaosEditor
LogPluginManager: Mounting plugin ChaosNiagara
LogPluginManager: Mounting plugin ChaosSolverPlugin
LogPluginManager: Mounting plugin CharacterAI
LogPluginManager: Mounting plugin GeometryCache
LogPluginManager: Mounting plugin Niagara
LogPluginManager: Mounting plugin GeometryCollectionPlugin
LogPluginManager: Mounting plugin GeometryProcessing
LogPluginManager: Mounting plugin MotoSynth
LogPluginManager: Mounting plugin OpenImageDenoise
LogPluginManager: Mounting plugin PlanarCut
LogPluginManager: Mounting plugin PlatformCrypto
LogPluginManager: Mounting plugin ProxyLODPlugin
LogPluginManager: Mounting plugin PythonScriptPlugin
LogPluginManager: Mounting plugin SkeletalReduction
LogPluginManager: Mounting plugin DatasmithContent
LogPluginManager: Mounting plugin VariantManagerContent
LogPluginManager: Mounting plugin LuminPlatformFeatures
LogPluginManager: Mounting plugin MagicLeap
LogPluginManager: Mounting plugin MagicLeapLightEstimation
LogPluginManager: Mounting plugin MagicLeapMedia
LogPluginManager: Mounting plugin MagicLeapPassableWorld
LogPluginManager: Mounting plugin MLSDK
LogPluginManager: Mounting plugin AndroidMedia
LogPluginManager: Mounting plugin AvfMedia
LogPluginManager: Mounting plugin ImgMedia
LogPluginManager: Mounting plugin MediaCompositing
LogPluginManager: Mounting plugin MediaPlayerEditor
LogPluginManager: Mounting plugin WmfMedia
LogPluginManager: Mounting plugin WebMMedia
LogPluginManager: Mounting plugin TcpMessaging
LogPluginManager: Mounting plugin ActorSequence
LogPluginManager: Mounting plugin UdpMessaging
LogPluginManager: Mounting plugin LevelSequenceEditor
LogPluginManager: Mounting plugin MatineeToLevelSequence
LogPluginManager: Mounting plugin TemplateSequence
LogPluginManager: Mounting plugin OnlineSubsystem
LogPluginManager: Mounting plugin OnlineSubsystemNull
LogPluginManager: Mounting plugin OnlineSubsystemUtils
LogPluginManager: Mounting plugin LauncherChunkInstaller
LogPluginManager: Mounting plugin ActorLayerUtilities
LogPluginManager: Mounting plugin AndroidDeviceProfileSelector
LogPluginManager: Mounting plugin AndroidMoviePlayer
LogPluginManager: Mounting plugin AndroidPermission
LogPluginManager: Mounting plugin AppleImageUtils
LogPluginManager: Mounting plugin AppleMoviePlayer
LogPluginManager: Mounting plugin ArchVisCharacter
LogPluginManager: Mounting plugin AssetTags
LogPluginManager: Mounting plugin AudioCapture
LogPluginManager: Mounting plugin AudioSynesthesia
LogPluginManager: Mounting plugin ChunkDownloader
LogPluginManager: Mounting plugin CableComponent
LogPluginManager: Mounting plugin CustomMeshComponent
LogPluginManager: Mounting plugin EditableMesh
LogPluginManager: Mounting plugin ExampleDeviceProfileSelector
LogPluginManager: Mounting plugin GoogleCloudMessaging
LogPluginManager: Mounting plugin GooglePAD
LogPluginManager: Mounting plugin IOSDeviceProfileSelector
LogPluginManager: Mounting plugin LinuxDeviceProfileSelector
LogPluginManager: Mounting plugin LocationServicesBPLibrary
LogPluginManager: Mounting plugin MobilePatchingUtils
LogPluginManager: Mounting plugin OpenXR
LogPluginManager: Mounting plugin ScreenshotTools
LogPluginManager: Mounting plugin OpenXREyeTracker
LogPluginManager: Mounting plugin OpenXRHandTracking
LogPluginManager: Mounting plugin PhysXVehicles
LogPluginManager: Mounting plugin PostSplashScreen
LogPluginManager: Mounting plugin ProceduralMeshComponent
LogPluginManager: Mounting plugin Takes
LogPluginManager: Mounting plugin PropertyAccessEditor
LogPluginManager: Mounting plugin RuntimePhysXCooking
LogPluginManager: Mounting plugin SignificanceManager
LogPluginManager: Mounting plugin SoundFields
LogPluginManager: Mounting plugin Synthesis
LogPluginManager: Mounting plugin WebMMoviePlayer
LogPluginManager: Mounting plugin WindowsMoviePlayer
LogPluginManager: Mounting plugin ContentBrowserClassDataSource
LogPluginManager: Mounting plugin ContentBrowserAssetDataSource
LogPluginManager: Mounting plugin ContentBrowserFileDataSource
LogPluginManager: Mounting plugin OnlineSubsystemGooglePlay
LogPluginManager: Mounting plugin OnlineSubsystemIOS
LogPluginManager: Mounting plugin OculusVR
LogPluginManager: Mounting plugin SteamVR
PixWinPlugin: PIX capture plugin failed to initialize! Check that the process is launched from PIX.
LogInit: Using libcurl 7.55.1-DEV
LogInit:  - built for x86_64-pc-win32
LogInit:  - supports SSL with OpenSSL/1.1.1
LogInit:  - supports HTTP deflate (compression) using libz 1.2.8
LogInit:  - other features:
LogInit:      CURL_VERSION_SSL
LogInit:      CURL_VERSION_LIBZ
LogInit:      CURL_VERSION_IPV6
LogInit:      CURL_VERSION_ASYNCHDNS
LogInit:      CURL_VERSION_LARGEFILE
LogInit:      CURL_VERSION_IDN
LogInit:  CurlRequestOptions (configurable via config and command line):
LogInit:  - bVerifyPeer = true  - Libcurl will verify peer certificate
LogInit:  - bUseHttpProxy = false  - Libcurl will NOT use HTTP proxy
LogInit:  - bDontReuseConnections = false  - Libcurl will reuse connections
LogInit:  - MaxHostConnections = 16  - Libcurl will limit the number of connections to a host
LogInit:  - LocalHostAddr = Default
LogInit:  - BufferSize = 65536
LogOnline: OSS: Creating online subsystem instance for: NULL
LogInit: WinSock: version 1.1 (2.2), MaxSocks=32767, MaxUdp=65467
LogOnline: OSS: TryLoadSubsystemAndSetDefault: Loaded subsystem for module [NULL]
LogOculusPluginWrapper: OculusPlugin initialized successfully
LogHMD: Failed initializing OVRPlugin 1.59.0
LogInit: Build: ++UE4+Release-4.27-CL-18319896
LogInit: Engine Version: 4.27.2-18319896+++UE4+Release-4.27
LogInit: Compatible Engine Version: 4.27.0-17155196+++UE4+Release-4.27
LogInit: Net CL: 17155196
LogInit: OS: Windows 10 (Release 2009) (), CPU: AMD Ryzen 5 3600X 6-Core Processor             , GPU: NVIDIA GeForce RTX 2060 SUPER
LogInit: Compiled (64-bit): Nov 30 2021 07:12:08
LogInit: Compiled with Visual C++: 19.24.28315.00
LogInit: Build Configuration: Development
LogInit: Branch Name: ++UE4+Release-4.27
LogInit: Command Line:  -AUTH_LOGIN=unused -AUTH_PASSWORD=3b9cc6f66aaf4a268545bb6bf3f0096f -AUTH_TYPE=exchangecode -epicapp=UE_4.27 -epicenv=Prod -EpicPortal -epicusername=dead-viktor -epicuserid=d8fcf566188246c6b0e55ce9ed25f787 -epiclocale=en -epicsandboxid=ue
LogInit: Base Directory: D:/Epic Games/UE_4.27/Engine/Binaries/Win64/
LogInit: Allocator: TBB
LogInit: Installed Engine Build: 1
LogDevObjectVersion: Number of dev versions registered: 29
LogDevObjectVersion:   Dev-Blueprints (B0D832E4-1F89-4F0D-ACCF-7EB736FD4AA2): 10
LogDevObjectVersion:   Dev-Build (E1C64328-A22C-4D53-A36C-8E866417BD8C): 0
LogDevObjectVersion:   Dev-Core (375EC13C-06E4-48FB-B500-84F0262A717E): 4
LogDevObjectVersion:   Dev-Editor (E4B068ED-F494-42E9-A231-DA0B2E46BB41): 40
LogDevObjectVersion:   Dev-Framework (CFFC743F-43B0-4480-9391-14DF171D2073): 37
LogDevObjectVersion:   Dev-Mobile (B02B49B5-BB20-44E9-A304-32B752E40360): 3
LogDevObjectVersion:   Dev-Networking (A4E4105C-59A1-49B5-A7C5-40C4547EDFEE): 0
LogDevObjectVersion:   Dev-Online (39C831C9-5AE6-47DC-9A44-9C173E1C8E7C): 0
LogDevObjectVersion:   Dev-Physics (78F01B33-EBEA-4F98-B9B4-84EACCB95AA2): 14
LogDevObjectVersion:   Dev-Platform (6631380F-2D4D-43E0-8009-CF276956A95A): 0
LogDevObjectVersion:   Dev-Rendering (12F88B9F-8875-4AFC-A67C-D90C383ABD29): 45
LogDevObjectVersion:   Dev-Sequencer (7B5AE74C-D270-4C10-A958-57980B212A5A): 13
LogDevObjectVersion:   Dev-VR (D7296918-1DD6-4BDD-9DE2-64A83CC13884): 3
LogDevObjectVersion:   Dev-LoadTimes (C2A15278-BFE7-4AFE-6C17-90FF531DF755): 1
LogDevObjectVersion:   Private-Geometry (6EACA3D4-40EC-4CC1-B786-8BED09428FC5): 3
LogDevObjectVersion:   Dev-AnimPhys (29E575DD-E0A3-4627-9D10-D276232CDCEA): 17
LogDevObjectVersion:   Dev-Anim (AF43A65D-7FD3-4947-9873-3E8ED9C1BB05): 15
LogDevObjectVersion:   Dev-ReflectionCapture (6B266CEC-1EC7-4B8F-A30B-E4D90942FC07): 1
LogDevObjectVersion:   Dev-Automation (0DF73D61-A23F-47EA-B727-89E90C41499A): 1
LogDevObjectVersion:   FortniteMain (601D1886-AC64-4F84-AA16-D3DE0DEAC7D6): 47
LogDevObjectVersion:   FortniteRelease (E7086368-6B23-4C58-8439-1B7016265E91): 1
LogDevObjectVersion:   Dev-Enterprise (9DFFBCD6-494F-0158-E221-12823C92A888): 10
LogDevObjectVersion:   Dev-Niagara (F2AED0AC-9AFE-416F-8664-AA7FFA26D6FC): 1
LogDevObjectVersion:   Dev-Destruction (174F1F0B-B4C6-45A5-B13F-2EE8D0FB917D): 10
LogDevObjectVersion:   Dev-Physics-Ext (35F94A83-E258-406C-A318-09F59610247C): 41
LogDevObjectVersion:   Dev-PhysicsMaterial-Chaos (B68FC16E-8B1B-42E2-B453-215C058844FE): 1
LogDevObjectVersion:   Dev-CineCamera (B2E18506-4273-CFC2-A54E-F4BB758BBA07): 1
LogDevObjectVersion:   Dev-VirtualProduction (64F58936-FD1B-42BA-BA96-7289D5D0FA4E): 1
LogDevObjectVersion:   Dev-MediaFramework (6F0ED827-A609-4895-9C91-998D90180EA4): 2
LogInit: Presizing for max 25165824 objects, including 0 objects not considered by GC, pre-allocating 0 bytes for permanent pool.
LogConfig: Applying CVar settings from Section [/Script/Engine.StreamingSettings] File [C:/Users/Admin/Documents/000 MY FILES/GITHUB/podstawy_programowania03/pp03WiktoriaĆmiel/Saved/Config/Windows/Engine.ini]
LogConfig: Setting CVar [[s.MinBulkDataSizeForAsyncLoading:131072]]
LogConfig: Setting CVar [[s.AsyncLoadingThreadEnabled:0]]
LogConfig: Setting CVar [[s.EventDrivenLoaderEnabled:1]]
LogConfig: Setting CVar [[s.WarnIfTimeLimitExceeded:0]]
LogConfig: Setting CVar [[s.TimeLimitExceededMultiplier:1.5]]
LogConfig: Setting CVar [[s.TimeLimitExceededMinTime:0.005]]
LogConfig: Setting CVar [[s.UseBackgroundLevelStreaming:1]]
LogConfig: Setting CVar [[s.PriorityAsyncLoadingExtraTime:15.0]]
LogConfig: Setting CVar [[s.LevelStreamingActorsUpdateTimeLimit:5.0]]
LogConfig: Setting CVar [[s.PriorityLevelStreamingActorsUpdateExtraTime:5.0]]
LogConfig: Setting CVar [[s.LevelStreamingComponentsRegistrationGranularity:10]]
LogConfig: Setting CVar [[s.UnregisterComponentsTimeLimit:1.0]]
LogConfig: Setting CVar [[s.LevelStreamingComponentsUnregistrationGranularity:5]]
LogConfig: Setting CVar [[s.FlushStreamingOnExit:1]]
LogInit: Object subsystem initialized
LogConfig: Setting CVar [[con.DebugEarlyDefault:1]]
LogConfig: Setting CVar [[r.setres:1280x720]]
[2023.11.27-19.44.29:673][  0]LogConfig: Setting CVar [[r.VSync:0]]
[2023.11.27-19.44.29:673][  0]LogConfig: Setting CVar [[r.RHICmdBypass:0]]
[2023.11.27-19.44.29:673][  0]LogConfig: Applying CVar settings from Section [/Script/Engine.RendererSettings] File [C:/Users/Admin/Documents/000 MY FILES/GITHUB/podstawy_programowania03/pp03WiktoriaĆmiel/Saved/Config/Windows/Engine.ini]
[2023.11.27-19.44.29:673][  0]LogConfig: Setting CVar [[r.GPUCrashDebugging:0]]
[2023.11.27-19.44.29:673][  0]LogConfig: Applying CVar settings from Section [/Script/Engine.RendererOverrideSettings] File [C:/Users/Admin/Documents/000 MY FILES/GITHUB/podstawy_programowania03/pp03WiktoriaĆmiel/Saved/Config/Windows/Engine.ini]
[2023.11.27-19.44.29:673][  0]LogConfig: Applying CVar settings from Section [/Script/Engine.StreamingSettings] File [C:/Users/Admin/Documents/000 MY FILES/GITHUB/podstawy_programowania03/pp03WiktoriaĆmiel/Saved/Config/Windows/Engine.ini]
[2023.11.27-19.44.29:673][  0]LogConfig: Setting CVar [[s.MinBulkDataSizeForAsyncLoading:131072]]
[2023.11.27-19.44.29:673][  0]LogConfig: Setting CVar [[s.AsyncLoadingThreadEnabled:0]]
[2023.11.27-19.44.29:673][  0]LogConfig: Setting CVar [[s.EventDrivenLoaderEnabled:1]]
[2023.11.27-19.44.29:673][  0]LogConfig: Setting CVar [[s.WarnIfTimeLimitExceeded:0]]
[2023.11.27-19.44.29:673][  0]LogConfig: Setting CVar [[s.TimeLimitExceededMultiplier:1.5]]
[2023.11.27-19.44.29:673][  0]LogConfig: Setting CVar [[s.TimeLimitExceededMinTime:0.005]]
[2023.11.27-19.44.29:673][  0]LogConfig: Setting CVar [[s.UseBackgroundLevelStreaming:1]]
[2023.11.27-19.44.29:673][  0]LogConfig: Setting CVar [[s.PriorityAsyncLoadingExtraTime:15.0]]
[2023.11.27-19.44.29:673][  0]LogConfig: Setting CVar [[s.LevelStreamingActorsUpdateTimeLimit:5.0]]
[2023.11.27-19.44.29:673][  0]LogConfig: Setting CVar [[s.PriorityLevelStreamingActorsUpdateExtraTime:5.0]]
[2023.11.27-19.44.29:673][  0]LogConfig: Setting CVar [[s.LevelStreamingComponentsRegistrationGranularity:10]]
[2023.11.27-19.44.29:674][  0]LogConfig: Setting CVar [[s.UnregisterComponentsTimeLimit:1.0]]
[2023.11.27-19.44.29:674][  0]LogConfig: Setting CVar [[s.LevelStreamingComponentsUnregistrationGranularity:5]]
[2023.11.27-19.44.29:674][  0]LogConfig: Setting CVar [[s.FlushStreamingOnExit:1]]
[2023.11.27-19.44.29:674][  0]LogConfig: Applying CVar settings from Section [/Script/Engine.GarbageCollectionSettings] File [C:/Users/Admin/Documents/000 MY FILES/GITHUB/podstawy_programowania03/pp03WiktoriaĆmiel/Saved/Config/Windows/Engine.ini]
[2023.11.27-19.44.29:674][  0]LogConfig: Setting CVar [[gc.MaxObjectsNotConsideredByGC:1]]
[2023.11.27-19.44.29:674][  0]LogConfig: Setting CVar [[gc.SizeOfPermanentObjectPool:0]]
[2023.11.27-19.44.29:674][  0]LogConfig: Setting CVar [[gc.FlushStreamingOnGC:0]]
[2023.11.27-19.44.29:674][  0]LogConfig: Setting CVar [[gc.NumRetriesBeforeForcingGC:10]]
[2023.11.27-19.44.29:674][  0]LogConfig: Setting CVar [[gc.AllowParallelGC:1]]
[2023.11.27-19.44.29:674][  0]LogConfig: Setting CVar [[gc.TimeBetweenPurgingPendingKillObjects:61.1]]
[2023.11.27-19.44.29:674][  0]LogConfig: Setting CVar [[gc.MaxObjectsInEditor:25165824]]
[2023.11.27-19.44.29:674][  0]LogConfig: Setting CVar [[gc.IncrementalBeginDestroyEnabled:1]]
[2023.11.27-19.44.29:674][  0]LogConfig: Setting CVar [[gc.CreateGCClusters:1]]
[2023.11.27-19.44.29:674][  0]LogConfig: Setting CVar [[gc.MinGCClusterSize:5]]
[2023.11.27-19.44.29:674][  0]LogConfig: Setting CVar [[gc.ActorClusteringEnabled:0]]
[2023.11.27-19.44.29:674][  0]LogConfig: Setting CVar [[gc.BlueprintClusteringEnabled:0]]
[2023.11.27-19.44.29:674][  0]LogConfig: Setting CVar [[gc.UseDisregardForGCOnDedicatedServers:0]]
[2023.11.27-19.44.29:674][  0]LogConfig: Setting CVar [[gc.MultithreadedDestructionEnabled:1]]
[2023.11.27-19.44.29:674][  0]LogConfig: Applying CVar settings from Section [/Script/Engine.NetworkSettings] File [C:/Users/Admin/Documents/000 MY FILES/GITHUB/podstawy_programowania03/pp03WiktoriaĆmiel/Saved/Config/Windows/Engine.ini]
[2023.11.27-19.44.29:674][  0]LogConfig: Applying CVar settings from Section [/Script/UnrealEd.CookerSettings] File [C:/Users/Admin/Documents/000 MY FILES/GITHUB/podstawy_programowania03/pp03WiktoriaĆmiel/Saved/Config/Windows/Engine.ini]
[2023.11.27-19.44.29:680][  0]LogConfig: Applying CVar settings from Section [ViewDistanceQuality@3] File [C:/Users/Admin/Documents/000 MY FILES/GITHUB/podstawy_programowania03/pp03WiktoriaĆmiel/Saved/Config/Windows/Scalability.ini]
[2023.11.27-19.44.29:680][  0]LogConfig: Setting CVar [[r.SkeletalMeshLODBias:0]]
[2023.11.27-19.44.29:680][  0]LogConfig: Setting CVar [[r.ViewDistanceScale:1.0]]
[2023.11.27-19.44.29:680][  0]LogConfig: Applying CVar settings from Section [AntiAliasingQuality@3] File [C:/Users/Admin/Documents/000 MY FILES/GITHUB/podstawy_programowania03/pp03WiktoriaĆmiel/Saved/Config/Windows/Scalability.ini]
[2023.11.27-19.44.29:680][  0]LogConfig: Setting CVar [[r.PostProcessAAQuality:4]]
[2023.11.27-19.44.29:680][  0]LogConfig: Applying CVar settings from Section [ShadowQuality@3] File [C:/Users/Admin/Documents/000 MY FILES/GITHUB/podstawy_programowania03/pp03WiktoriaĆmiel/Saved/Config/Windows/Scalability.ini]
[2023.11.27-19.44.29:680][  0]LogConfig: Setting CVar [[r.LightFunctionQuality:1]]
[2023.11.27-19.44.29:680][  0]LogConfig: Setting CVar [[r.ShadowQuality:5]]
[2023.11.27-19.44.29:680][  0]LogConfig: Setting CVar [[r.Shadow.CSM.MaxCascades:10]]
[2023.11.27-19.44.29:680][  0]LogConfig: Setting CVar [[r.Shadow.MaxResolution:2048]]
[2023.11.27-19.44.29:680][  0]LogConfig: Setting CVar [[r.Shadow.MaxCSMResolution:2048]]
[2023.11.27-19.44.29:680][  0]LogConfig: Setting CVar [[r.Shadow.RadiusThreshold:0.01]]
[2023.11.27-19.44.29:680][  0]LogConfig: Setting CVar [[r.Shadow.DistanceScale:1.0]]
[2023.11.27-19.44.29:680][  0]LogConfig: Setting CVar [[r.Shadow.CSM.TransitionScale:1.0]]
[2023.11.27-19.44.29:680][  0]LogConfig: Setting CVar [[r.Shadow.PreShadowResolutionFactor:1.0]]
[2023.11.27-19.44.29:680][  0]LogConfig: Setting CVar [[r.DistanceFieldShadowing:1]]
[2023.11.27-19.44.29:680][  0]LogConfig: Setting CVar [[r.DistanceFieldAO:1]]
[2023.11.27-19.44.29:680][  0]LogConfig: Setting CVar [[r.AOQuality:2]]
[2023.11.27-19.44.29:680][  0]LogConfig: Setting CVar [[r.VolumetricFog:1]]
[2023.11.27-19.44.29:680][  0]LogConfig: Setting CVar [[r.VolumetricFog.GridPixelSize:8]]
[2023.11.27-19.44.29:680][  0]LogConfig: Setting CVar [[r.VolumetricFog.GridSizeZ:128]]
[2023.11.27-19.44.29:680][  0]LogConfig: Setting CVar [[r.VolumetricFog.HistoryMissSupersampleCount:4]]
[2023.11.27-19.44.29:680][  0]LogConfig: Setting CVar [[r.LightMaxDrawDistanceScale:1]]
[2023.11.27-19.44.29:680][  0]LogConfig: Setting CVar [[r.CapsuleShadows:1]]
[2023.11.27-19.44.29:680][  0]LogConfig: Applying CVar settings from Section [PostProcessQuality@3] File [C:/Users/Admin/Documents/000 MY FILES/GITHUB/podstawy_programowania03/pp03WiktoriaĆmiel/Saved/Config/Windows/Scalability.ini]
[2023.11.27-19.44.29:680][  0]LogConfig: Setting CVar [[r.MotionBlurQuality:4]]
[2023.11.27-19.44.29:680][  0]LogConfig: Setting CVar [[r.AmbientOcclusionMipLevelFactor:0.4]]
[2023.11.27-19.44.29:680][  0]LogConfig: Setting CVar [[r.AmbientOcclusionMaxQuality:100]]
[2023.11.27-19.44.29:680][  0]LogConfig: Setting CVar [[r.AmbientOcclusionLevels:-1]]
[2023.11.27-19.44.29:680][  0]LogConfig: Setting CVar [[r.AmbientOcclusionRadiusScale:1.0]]
[2023.11.27-19.44.29:680][  0]LogConfig: Setting CVar [[r.DepthOfFieldQuality:2]]
[2023.11.27-19.44.29:680][  0]LogConfig: Setting CVar [[r.RenderTargetPoolMin:400]]
[2023.11.27-19.44.29:680][  0]LogConfig: Setting CVar [[r.LensFlareQuality:2]]
[2023.11.27-19.44.29:680][  0]LogConfig: Setting CVar [[r.SceneColorFringeQuality:1]]
[2023.11.27-19.44.29:680][  0]LogConfig: Setting CVar [[r.EyeAdaptationQuality:2]]
[2023.11.27-19.44.29:680][  0]LogConfig: Setting CVar [[r.BloomQuality:5]]
[2023.11.27-19.44.29:680][  0]LogConfig: Setting CVar [[r.FastBlurThreshold:100]]
[2023.11.27-19.44.29:680][  0]LogConfig: Setting CVar [[r.Upscale.Quality:3]]
[2023.11.27-19.44.29:680][  0]LogConfig: Setting CVar [[r.Tonemapper.GrainQuantization:1]]
[2023.11.27-19.44.29:680][  0]LogConfig: Setting CVar [[r.LightShaftQuality:1]]
[2023.11.27-19.44.29:680][  0]LogConfig: Setting CVar [[r.Filter.SizeScale:1]]
[2023.11.27-19.44.29:680][  0]LogConfig: Setting CVar [[r.Tonemapper.Quality:5]]
[2023.11.27-19.44.29:680][  0]LogConfig: Setting CVar [[r.DOF.Gather.AccumulatorQuality:1        ; higher gathering accumulator quality]]
[2023.11.27-19.44.29:680][  0]LogConfig: Setting CVar [[r.DOF.Gather.PostfilterMethod:1          ; Median3x3 postfilering method]]
[2023.11.27-19.44.29:680][  0]LogConfig: Setting CVar [[r.DOF.Gather.EnableBokehSettings:0       ; no bokeh simulation when gathering]]
[2023.11.27-19.44.29:680][  0]LogConfig: Setting CVar [[r.DOF.Gather.RingCount:4                 ; medium number of samples when gathering]]
[2023.11.27-19.44.29:680][  0]LogConfig: Setting CVar [[r.DOF.Scatter.ForegroundCompositing:1    ; additive foreground scattering]]
[2023.11.27-19.44.29:680][  0]LogConfig: Setting CVar [[r.DOF.Scatter.BackgroundCompositing:2    ; additive background scattering]]
[2023.11.27-19.44.29:681][  0]LogConfig: Setting CVar [[r.DOF.Scatter.EnableBokehSettings:1      ; bokeh simulation when scattering]]
[2023.11.27-19.44.29:681][  0]LogConfig: Setting CVar [[r.DOF.Scatter.MaxSpriteRatio:0.1         ; only a maximum of 10% of scattered bokeh]]
[2023.11.27-19.44.29:681][  0]LogConfig: Setting CVar [[r.DOF.Recombine.Quality:1                ; cheap slight out of focus]]
[2023.11.27-19.44.29:681][  0]LogConfig: Setting CVar [[r.DOF.Recombine.EnableBokehSettings:0    ; no bokeh simulation on slight out of focus]]
[2023.11.27-19.44.29:681][  0]LogConfig: Setting CVar [[r.DOF.TemporalAAQuality:1                ; more stable temporal accumulation]]
[2023.11.27-19.44.29:681][  0]LogConfig: Setting CVar [[r.DOF.Kernel.MaxForegroundRadius:0.025]]
[2023.11.27-19.44.29:681][  0]LogConfig: Setting CVar [[r.DOF.Kernel.MaxBackgroundRadius:0.025]]
[2023.11.27-19.44.29:681][  0]LogConfig: Applying CVar settings from Section [TextureQuality@3] File [C:/Users/Admin/Documents/000 MY FILES/GITHUB/podstawy_programowania03/pp03WiktoriaĆmiel/Saved/Config/Windows/Scalability.ini]
[2023.11.27-19.44.29:681][  0]LogConfig: Setting CVar [[r.Streaming.MipBias:0]]
[2023.11.27-19.44.29:681][  0]LogConfig: Setting CVar [[r.Streaming.AmortizeCPUToGPUCopy:0]]
[2023.11.27-19.44.29:681][  0]LogConfig: Setting CVar [[r.Streaming.MaxNumTexturesToStreamPerFrame:0]]
[2023.11.27-19.44.29:681][  0]LogConfig: Setting CVar [[r.Streaming.Boost:1]]
[2023.11.27-19.44.29:681][  0]LogConfig: Setting CVar [[r.MaxAnisotropy:8]]
[2023.11.27-19.44.29:681][  0]LogConfig: Setting CVar [[r.VT.MaxAnisotropy:8]]
[2023.11.27-19.44.29:681][  0]LogConfig: Setting CVar [[r.Streaming.LimitPoolSizeToVRAM:0]]
[2023.11.27-19.44.29:681][  0]LogConfig: Setting CVar [[r.Streaming.PoolSize:1000]]
[2023.11.27-19.44.29:681][  0]LogConfig: Setting CVar [[r.Streaming.MaxEffectiveScreenSize:0]]
[2023.11.27-19.44.29:681][  0]LogConfig: Applying CVar settings from Section [EffectsQuality@3] File [C:/Users/Admin/Documents/000 MY FILES/GITHUB/podstawy_programowania03/pp03WiktoriaĆmiel/Saved/Config/Windows/Scalability.ini]
[2023.11.27-19.44.29:681][  0]LogConfig: Setting CVar [[r.TranslucencyLightingVolumeDim:64]]
[2023.11.27-19.44.29:681][  0]LogConfig: Setting CVar [[r.RefractionQuality:2]]
[2023.11.27-19.44.29:681][  0]LogConfig: Setting CVar [[r.SSR.Quality:3]]
[2023.11.27-19.44.29:681][  0]LogConfig: Setting CVar [[r.SSR.HalfResSceneColor:0]]
[2023.11.27-19.44.29:681][  0]LogConfig: Setting CVar [[r.SceneColorFormat:4]]
[2023.11.27-19.44.29:681][  0]LogConfig: Setting CVar [[r.DetailMode:2]]
[2023.11.27-19.44.29:681][  0]LogConfig: Setting CVar [[r.TranslucencyVolumeBlur:1]]
[2023.11.27-19.44.29:681][  0]LogConfig: Setting CVar [[r.MaterialQualityLevel:1 ; High quality]]
[2023.11.27-19.44.29:681][  0]LogConfig: Setting CVar [[r.AnisotropicMaterials:1]]
[2023.11.27-19.44.29:681][  0]LogConfig: Setting CVar [[r.SSS.Scale:1]]
[2023.11.27-19.44.29:681][  0]LogConfig: Setting CVar [[r.SSS.SampleSet:2]]
[2023.11.27-19.44.29:681][  0]LogConfig: Setting CVar [[r.SSS.Quality:1]]
[2023.11.27-19.44.29:681][  0]LogConfig: Setting CVar [[r.SSS.HalfRes:0]]
[2023.11.27-19.44.29:681][  0]LogConfig: Setting CVar [[r.SSGI.Quality:3]]
[2023.11.27-19.44.29:681][  0]LogConfig: Setting CVar [[r.EmitterSpawnRateScale:1.0]]
[2023.11.27-19.44.29:681][  0]LogConfig: Setting CVar [[r.ParticleLightQuality:2]]
[2023.11.27-19.44.29:681][  0]LogConfig: Setting CVar [[r.SkyAtmosphere.AerialPerspectiveLUT.FastApplyOnOpaque:1 ; Always have FastSkyLUT 1 in this case to avoid wrong sky]]
[2023.11.27-19.44.29:681][  0]LogConfig: Setting CVar [[r.SkyAtmosphere.AerialPerspectiveLUT.SampleCountMaxPerSlice:4]]
[2023.11.27-19.44.29:681][  0]LogConfig: Setting CVar [[r.SkyAtmosphere.AerialPerspectiveLUT.DepthResolution:16.0]]
[2023.11.27-19.44.29:681][  0]LogConfig: Setting CVar [[r.SkyAtmosphere.FastSkyLUT:1]]
[2023.11.27-19.44.29:681][  0]LogConfig: Setting CVar [[r.SkyAtmosphere.FastSkyLUT.SampleCountMin:4.0]]
[2023.11.27-19.44.29:681][  0]LogConfig: Setting CVar [[r.SkyAtmosphere.FastSkyLUT.SampleCountMax:128.0]]
[2023.11.27-19.44.29:681][  0]LogConfig: Setting CVar [[r.SkyAtmosphere.SampleCountMin:4.0]]
[2023.11.27-19.44.29:681][  0]LogConfig: Setting CVar [[r.SkyAtmosphere.SampleCountMax:128.0]]
[2023.11.27-19.44.29:681][  0]LogConfig: Setting CVar [[r.SkyAtmosphere.TransmittanceLUT.UseSmallFormat:0]]
[2023.11.27-19.44.29:681][  0]LogConfig: Setting CVar [[r.SkyAtmosphere.TransmittanceLUT.SampleCount:10.0]]
[2023.11.27-19.44.29:681][  0]LogConfig: Setting CVar [[r.SkyAtmosphere.MultiScatteringLUT.SampleCount:15.0]]
[2023.11.27-19.44.29:681][  0]LogConfig: Setting CVar [[r.SkyLight.RealTimeReflectionCapture:1]]
[2023.11.27-19.44.29:681][  0]LogConfig: Applying CVar settings from Section [FoliageQuality@3] File [C:/Users/Admin/Documents/000 MY FILES/GITHUB/podstawy_programowania03/pp03WiktoriaĆmiel/Saved/Config/Windows/Scalability.ini]
[2023.11.27-19.44.29:681][  0]LogConfig: Setting CVar [[foliage.DensityScale:1.0]]
[2023.11.27-19.44.29:681][  0]LogConfig: Setting CVar [[grass.DensityScale:1.0]]
[2023.11.27-19.44.29:681][  0]LogConfig: Applying CVar settings from Section [ShadingQuality@3] File [C:/Users/Admin/Documents/000 MY FILES/GITHUB/podstawy_programowania03/pp03WiktoriaĆmiel/Saved/Config/Windows/Scalability.ini]
[2023.11.27-19.44.29:681][  0]LogConfig: Setting CVar [[r.HairStrands.SkyLighting.IntegrationType:2]]
[2023.11.27-19.44.29:681][  0]LogConfig: Setting CVar [[r.HairStrands.SkyAO.SampleCount:4]]
[2023.11.27-19.44.29:681][  0]LogConfig: Setting CVar [[r.HairStrands.Visibility.MSAA.SamplePerPixel:4]]
[2023.11.27-19.44.29:681][  0]LogInit: Selected Device Profile: [Windows]
[2023.11.27-19.44.29:681][  0]LogInit: Applying CVar settings loaded from the selected device profile: [Windows]
[2023.11.27-19.44.29:681][  0]LogHAL: Display: Platform has ~ 16 GB [17126617088 / 17179869184 / 16], which maps to Larger [LargestMinGB=32, LargerMinGB=12, DefaultMinGB=8, SmallerMinGB=6, SmallestMinGB=0)
[2023.11.27-19.44.29:681][  0]LogInit: Going up to parent DeviceProfile []
[2023.11.27-19.44.29:681][  0]LogConfig: Applying CVar settings from Section [ViewDistanceQuality@3] File [C:/Users/Admin/Documents/000 MY FILES/GITHUB/podstawy_programowania03/pp03WiktoriaĆmiel/Saved/Config/Windows/Scalability.ini]
[2023.11.27-19.44.29:681][  0]LogConfig: Setting CVar [[r.SkeletalMeshLODBias:0]]
[2023.11.27-19.44.29:681][  0]LogConfig: Setting CVar [[r.ViewDistanceScale:1.0]]
[2023.11.27-19.44.29:681][  0]LogConfig: Applying CVar settings from Section [AntiAliasingQuality@3] File [C:/Users/Admin/Documents/000 MY FILES/GITHUB/podstawy_programowania03/pp03WiktoriaĆmiel/Saved/Config/Windows/Scalability.ini]
[2023.11.27-19.44.29:681][  0]LogConfig: Setting CVar [[r.PostProcessAAQuality:4]]
[2023.11.27-19.44.29:681][  0]LogConfig: Applying CVar settings from Section [ShadowQuality@3] File [C:/Users/Admin/Documents/000 MY FILES/GITHUB/podstawy_programowania03/pp03WiktoriaĆmiel/Saved/Config/Windows/Scalability.ini]
[2023.11.27-19.44.29:681][  0]LogConfig: Setting CVar [[r.LightFunctionQuality:1]]
[2023.11.27-19.44.29:681][  0]LogConfig: Setting CVar [[r.ShadowQuality:5]]
[2023.11.27-19.44.29:681][  0]LogConfig: Setting CVar [[r.Shadow.CSM.MaxCascades:10]]
[2023.11.27-19.44.29:681][  0]LogConfig: Setting CVar [[r.Shadow.MaxResolution:2048]]
[2023.11.27-19.44.29:681][  0]LogConfig: Setting CVar [[r.Shadow.MaxCSMResolution:2048]]
[2023.11.27-19.44.29:681][  0]LogConfig: Setting CVar [[r.Shadow.RadiusThreshold:0.01]]
[2023.11.27-19.44.29:681][  0]LogConfig: Setting CVar [[r.Shadow.DistanceScale:1.0]]
[2023.11.27-19.44.29:681][  0]LogConfig: Setting CVar [[r.Shadow.CSM.TransitionScale:1.0]]
[2023.11.27-19.44.29:681][  0]LogConfig: Setting CVar [[r.Shadow.PreShadowResolutionFactor:1.0]]
[2023.11.27-19.44.29:681][  0]LogConfig: Setting CVar [[r.DistanceFieldShadowing:1]]
[2023.11.27-19.44.29:681][  0]LogConfig: Setting CVar [[r.DistanceFieldAO:1]]
[2023.11.27-19.44.29:681][  0]LogConfig: Setting CVar [[r.AOQuality:2]]
[2023.11.27-19.44.29:681][  0]LogConfig: Setting CVar [[r.VolumetricFog:1]]
[2023.11.27-19.44.29:681][  0]LogConfig: Setting CVar [[r.VolumetricFog.GridPixelSize:8]]
[2023.11.27-19.44.29:681][  0]LogConfig: Setting CVar [[r.VolumetricFog.GridSizeZ:128]]
[2023.11.27-19.44.29:681][  0]LogConfig: Setting CVar [[r.VolumetricFog.HistoryMissSupersampleCount:4]]
[2023.11.27-19.44.29:681][  0]LogConfig: Setting CVar [[r.LightMaxDrawDistanceScale:1]]
[2023.11.27-19.44.29:681][  0]LogConfig: Setting CVar [[r.CapsuleShadows:1]]
[2023.11.27-19.44.29:681][  0]LogConfig: Applying CVar settings from Section [PostProcessQuality@3] File [C:/Users/Admin/Documents/000 MY FILES/GITHUB/podstawy_programowania03/pp03WiktoriaĆmiel/Saved/Config/Windows/Scalability.ini]
[2023.11.27-19.44.29:681][  0]LogConfig: Setting CVar [[r.MotionBlurQuality:4]]
[2023.11.27-19.44.29:681][  0]LogConfig: Setting CVar [[r.AmbientOcclusionMipLevelFactor:0.4]]
[2023.11.27-19.44.29:681][  0]LogConfig: Setting CVar [[r.AmbientOcclusionMaxQuality:100]]
[2023.11.27-19.44.29:681][  0]LogConfig: Setting CVar [[r.AmbientOcclusionLevels:-1]]
[2023.11.27-19.44.29:681][  0]LogConfig: Setting CVar [[r.AmbientOcclusionRadiusScale:1.0]]
[2023.11.27-19.44.29:681][  0]LogConfig: Setting CVar [[r.DepthOfFieldQuality:2]]
[2023.11.27-19.44.29:681][  0]LogConfig: Setting CVar [[r.RenderTargetPoolMin:400]]
[2023.11.27-19.44.29:681][  0]LogConfig: Setting CVar [[r.LensFlareQuality:2]]
[2023.11.27-19.44.29:681][  0]LogConfig: Setting CVar [[r.SceneColorFringeQuality:1]]
[2023.11.27-19.44.29:682][  0]LogConfig: Setting CVar [[r.EyeAdaptationQuality:2]]
[2023.11.27-19.44.29:682][  0]LogConfig: Setting CVar [[r.BloomQuality:5]]
[2023.11.27-19.44.29:682][  0]LogConfig: Setting CVar [[r.FastBlurThreshold:100]]
[2023.11.27-19.44.29:682][  0]LogConfig: Setting CVar [[r.Upscale.Quality:3]]
[2023.11.27-19.44.29:682][  0]LogConfig: Setting CVar [[r.Tonemapper.GrainQuantization:1]]
[2023.11.27-19.44.29:682][  0]LogConfig: Setting CVar [[r.LightShaftQuality:1]]
[2023.11.27-19.44.29:682][  0]LogConfig: Setting CVar [[r.Filter.SizeScale:1]]
[2023.11.27-19.44.29:682][  0]LogConfig: Setting CVar [[r.Tonemapper.Quality:5]]
[2023.11.27-19.44.29:682][  0]LogConfig: Setting CVar [[r.DOF.Gather.AccumulatorQuality:1        ; higher gathering accumulator quality]]
[2023.11.27-19.44.29:682][  0]LogConfig: Setting CVar [[r.DOF.Gather.PostfilterMethod:1          ; Median3x3 postfilering method]]
[2023.11.27-19.44.29:682][  0]LogConfig: Setting CVar [[r.DOF.Gather.EnableBokehSettings:0       ; no bokeh simulation when gathering]]
[2023.11.27-19.44.29:682][  0]LogConfig: Setting CVar [[r.DOF.Gather.RingCount:4                 ; medium number of samples when gathering]]
[2023.11.27-19.44.29:682][  0]LogConfig: Setting CVar [[r.DOF.Scatter.ForegroundCompositing:1    ; additive foreground scattering]]
[2023.11.27-19.44.29:682][  0]LogConfig: Setting CVar [[r.DOF.Scatter.BackgroundCompositing:2    ; additive background scattering]]
[2023.11.27-19.44.29:682][  0]LogConfig: Setting CVar [[r.DOF.Scatter.EnableBokehSettings:1      ; bokeh simulation when scattering]]
[2023.11.27-19.44.29:682][  0]LogConfig: Setting CVar [[r.DOF.Scatter.MaxSpriteRatio:0.1         ; only a maximum of 10% of scattered bokeh]]
[2023.11.27-19.44.29:682][  0]LogConfig: Setting CVar [[r.DOF.Recombine.Quality:1                ; cheap slight out of focus]]
[2023.11.27-19.44.29:682][  0]LogConfig: Setting CVar [[r.DOF.Recombine.EnableBokehSettings:0    ; no bokeh simulation on slight out of focus]]
[2023.11.27-19.44.29:682][  0]LogConfig: Setting CVar [[r.DOF.TemporalAAQuality:1                ; more stable temporal accumulation]]
[2023.11.27-19.44.29:682][  0]LogConfig: Setting CVar [[r.DOF.Kernel.MaxForegroundRadius:0.025]]
[2023.11.27-19.44.29:682][  0]LogConfig: Setting CVar [[r.DOF.Kernel.MaxBackgroundRadius:0.025]]
[2023.11.27-19.44.29:682][  0]LogConfig: Applying CVar settings from Section [TextureQuality@3] File [C:/Users/Admin/Documents/000 MY FILES/GITHUB/podstawy_programowania03/pp03WiktoriaĆmiel/Saved/Config/Windows/Scalability.ini]
[2023.11.27-19.44.29:682][  0]LogConfig: Setting CVar [[r.Streaming.MipBias:0]]
[2023.11.27-19.44.29:682][  0]LogConfig: Setting CVar [[r.Streaming.AmortizeCPUToGPUCopy:0]]
[2023.11.27-19.44.29:682][  0]LogConfig: Setting CVar [[r.Streaming.MaxNumTexturesToStreamPerFrame:0]]
[2023.11.27-19.44.29:682][  0]LogConfig: Setting CVar [[r.Streaming.Boost:1]]
[2023.11.27-19.44.29:682][  0]LogConfig: Setting CVar [[r.MaxAnisotropy:8]]
[2023.11.27-19.44.29:682][  0]LogConfig: Setting CVar [[r.VT.MaxAnisotropy:8]]
[2023.11.27-19.44.29:682][  0]LogConfig: Setting CVar [[r.Streaming.LimitPoolSizeToVRAM:0]]
[2023.11.27-19.44.29:682][  0]LogConfig: Setting CVar [[r.Streaming.PoolSize:1000]]
[2023.11.27-19.44.29:682][  0]LogConfig: Setting CVar [[r.Streaming.MaxEffectiveScreenSize:0]]
[2023.11.27-19.44.29:682][  0]LogConfig: Applying CVar settings from Section [EffectsQuality@3] File [C:/Users/Admin/Documents/000 MY FILES/GITHUB/podstawy_programowania03/pp03WiktoriaĆmiel/Saved/Config/Windows/Scalability.ini]
[2023.11.27-19.44.29:682][  0]LogConfig: Setting CVar [[r.TranslucencyLightingVolumeDim:64]]
[2023.11.27-19.44.29:682][  0]LogConfig: Setting CVar [[r.RefractionQuality:2]]
[2023.11.27-19.44.29:682][  0]LogConfig: Setting CVar [[r.SSR.Quality:3]]
[2023.11.27-19.44.29:682][  0]LogConfig: Setting CVar [[r.SSR.HalfResSceneColor:0]]
[2023.11.27-19.44.29:682][  0]LogConfig: Setting CVar [[r.SceneColorFormat:4]]
[2023.11.27-19.44.29:682][  0]LogConfig: Setting CVar [[r.DetailMode:2]]
[2023.11.27-19.44.29:682][  0]LogConfig: Setting CVar [[r.TranslucencyVolumeBlur:1]]
[2023.11.27-19.44.29:682][  0]LogConfig: Setting CVar [[r.MaterialQualityLevel:1 ; High quality]]
[2023.11.27-19.44.29:682][  0]LogConfig: Setting CVar [[r.AnisotropicMaterials:1]]
[2023.11.27-19.44.29:682][  0]LogConfig: Setting CVar [[r.SSS.Scale:1]]
[2023.11.27-19.44.29:682][  0]LogConfig: Setting CVar [[r.SSS.SampleSet:2]]
[2023.11.27-19.44.29:682][  0]LogConfig: Setting CVar [[r.SSS.Quality:1]]
[2023.11.27-19.44.29:682][  0]LogConfig: Setting CVar [[r.SSS.HalfRes:0]]
[2023.11.27-19.44.29:682][  0]LogConfig: Setting CVar [[r.SSGI.Quality:3]]
[2023.11.27-19.44.29:682][  0]LogConfig: Setting CVar [[r.EmitterSpawnRateScale:1.0]]
[2023.11.27-19.44.29:682][  0]LogConfig: Setting CVar [[r.ParticleLightQuality:2]]
[2023.11.27-19.44.29:682][  0]LogConfig: Setting CVar [[r.SkyAtmosphere.AerialPerspectiveLUT.FastApplyOnOpaque:1 ; Always have FastSkyLUT 1 in this case to avoid wrong sky]]
[2023.11.27-19.44.29:682][  0]LogConfig: Setting CVar [[r.SkyAtmosphere.AerialPerspectiveLUT.SampleCountMaxPerSlice:4]]
[2023.11.27-19.44.29:682][  0]LogConfig: Setting CVar [[r.SkyAtmosphere.AerialPerspectiveLUT.DepthResolution:16.0]]
[2023.11.27-19.44.29:682][  0]LogConfig: Setting CVar [[r.SkyAtmosphere.FastSkyLUT:1]]
[2023.11.27-19.44.29:682][  0]LogConfig: Setting CVar [[r.SkyAtmosphere.FastSkyLUT.SampleCountMin:4.0]]
[2023.11.27-19.44.29:682][  0]LogConfig: Setting CVar [[r.SkyAtmosphere.FastSkyLUT.SampleCountMax:128.0]]
[2023.11.27-19.44.29:682][  0]LogConfig: Setting CVar [[r.SkyAtmosphere.SampleCountMin:4.0]]
[2023.11.27-19.44.29:682][  0]LogConfig: Setting CVar [[r.SkyAtmosphere.SampleCountMax:128.0]]
[2023.11.27-19.44.29:682][  0]LogConfig: Setting CVar [[r.SkyAtmosphere.TransmittanceLUT.UseSmallFormat:0]]
[2023.11.27-19.44.29:682][  0]LogConfig: Setting CVar [[r.SkyAtmosphere.TransmittanceLUT.SampleCount:10.0]]
[2023.11.27-19.44.29:682][  0]LogConfig: Setting CVar [[r.SkyAtmosphere.MultiScatteringLUT.SampleCount:15.0]]
[2023.11.27-19.44.29:682][  0]LogConfig: Setting CVar [[r.SkyLight.RealTimeReflectionCapture:1]]
[2023.11.27-19.44.29:682][  0]LogConfig: Applying CVar settings from Section [FoliageQuality@3] File [C:/Users/Admin/Documents/000 MY FILES/GITHUB/podstawy_programowania03/pp03WiktoriaĆmiel/Saved/Config/Windows/Scalability.ini]
[2023.11.27-19.44.29:682][  0]LogConfig: Setting CVar [[foliage.DensityScale:1.0]]
[2023.11.27-19.44.29:682][  0]LogConfig: Setting CVar [[grass.DensityScale:1.0]]
[2023.11.27-19.44.29:682][  0]LogConfig: Applying CVar settings from Section [ShadingQuality@3] File [C:/Users/Admin/Documents/000 MY FILES/GITHUB/podstawy_programowania03/pp03WiktoriaĆmiel/Saved/Config/Windows/Scalability.ini]
[2023.11.27-19.44.29:682][  0]LogConfig: Setting CVar [[r.HairStrands.SkyLighting.IntegrationType:2]]
[2023.11.27-19.44.29:682][  0]LogConfig: Setting CVar [[r.HairStrands.SkyAO.SampleCount:4]]
[2023.11.27-19.44.29:682][  0]LogConfig: Setting CVar [[r.HairStrands.Visibility.MSAA.SamplePerPixel:4]]
[2023.11.27-19.44.29:682][  0]LogConfig: Applying CVar settings from Section [Startup] File [../../../Engine/Config/ConsoleVariables.ini]
[2023.11.27-19.44.29:682][  0]LogConfig: Setting CVar [[net.UseAdaptiveNetUpdateFrequency:0]]
[2023.11.27-19.44.29:682][  0]LogConfig: Setting CVar [[p.chaos.AllowCreatePhysxBodies:1]]
[2023.11.27-19.44.29:682][  0]LogConfig: Setting CVar [[fx.SkipVectorVMBackendOptimizations:1]]
[2023.11.27-19.44.29:682][  0]LogConfig: Applying CVar settings from Section [ConsoleVariables] File [C:/Users/Admin/Documents/000 MY FILES/GITHUB/podstawy_programowania03/pp03WiktoriaĆmiel/Saved/Config/Windows/Engine.ini]
[2023.11.27-19.44.29:682][  0]LogConfig: Applying CVar settings from Section [ConsoleVariables] File [C:/Users/Admin/Documents/000 MY FILES/GITHUB/podstawy_programowania03/pp03WiktoriaĆmiel/Saved/Config/Windows/Editor.ini]
[2023.11.27-19.44.29:683][  0]LogInit: Computer: FAT-FUCK
[2023.11.27-19.44.29:683][  0]LogInit: User: Admin
[2023.11.27-19.44.29:683][  0]LogInit: CPU Page size=4096, Cores=6
[2023.11.27-19.44.29:683][  0]LogInit: High frequency timer resolution =10.000000 MHz
[2023.11.27-19.44.29:683][  0]LogMemory: Memory total: Physical=16.0GB (16GB approx)
[2023.11.27-19.44.29:683][  0]LogMemory: Platform Memory Stats for Windows
[2023.11.27-19.44.29:683][  0]LogMemory: Process Physical Memory: 145.23 MB used, 145.24 MB peak
[2023.11.27-19.44.29:683][  0]LogMemory: Process Virtual Memory: 145.92 MB used, 145.92 MB peak
[2023.11.27-19.44.29:683][  0]LogMemory: Physical Memory: 9030.81 MB used,  7302.40 MB free, 16333.21 MB total
[2023.11.27-19.44.29:683][  0]LogMemory: Virtual Memory: 134207120.00 MB used,  10604.26 MB free, 134217728.00 MB total
[2023.11.27-19.44.29:688][  0]LogWindows: WindowsPlatformFeatures enabled
[2023.11.27-19.44.29:725][  0]LogInit: Physics initialised using underlying interface: PhysX
[2023.11.27-19.44.29:726][  0]LogInit: Using OS detected language (en-GB).
[2023.11.27-19.44.29:726][  0]LogInit: Using OS detected locale (en-GB).
[2023.11.27-19.44.29:728][  0]LogTextLocalizationManager: No specific localization for 'en-GB' exists, so the 'en' localization will be used.
[2023.11.27-19.44.29:887][  0]LogInit: Setting process to per monitor DPI aware
[2023.11.27-19.44.29:896][  0]LogWindowsTextInputMethodSystem: Display: IME system deactivated.
[2023.11.27-19.44.29:904][  0]LogSlate: New Slate User Created.  User Index 0, Is Virtual User: 0
[2023.11.27-19.44.29:904][  0]LogSlate: Slate User Registered.  User Index 0, Is Virtual User: 0
[2023.11.27-19.44.30:073][  0]LogD3D11RHI: Loaded GFSDK_Aftermath_Lib.x64.dll
[2023.11.27-19.44.30:075][  0]LogHMD: Failed to initialize OpenVR with code 110
[2023.11.27-19.44.30:075][  0]LogD3D11RHI: D3D11 min allowed feature level: 11_0
[2023.11.27-19.44.30:075][  0]LogD3D11RHI: D3D11 max allowed feature level: 11_0
[2023.11.27-19.44.30:075][  0]LogD3D11RHI: D3D11 adapters:
[2023.11.27-19.44.30:211][  0]LogD3D11RHI:    0. 'NVIDIA GeForce RTX 2060 SUPER' (Feature Level 11_0)
[2023.11.27-19.44.30:211][  0]LogD3D11RHI:       8019/0/8166 MB DedicatedVideo/DedicatedSystem/SharedSystem, Outputs:1, VendorId:0x10de
[2023.11.27-19.44.30:212][  0]LogD3D11RHI:    1. 'Microsoft Basic Render Driver' (Feature Level 11_0)
[2023.11.27-19.44.30:212][  0]LogD3D11RHI:       0/0/8166 MB DedicatedVideo/DedicatedSystem/SharedSystem, Outputs:0, VendorId:0x1414
[2023.11.27-19.44.30:212][  0]LogD3D11RHI: Chosen D3D11 Adapter:
[2023.11.27-19.44.30:212][  0]LogD3D11RHI:     Description : NVIDIA GeForce RTX 2060 SUPER
[2023.11.27-19.44.30:212][  0]LogD3D11RHI:     VendorId    : 10de
[2023.11.27-19.44.30:212][  0]LogD3D11RHI:     DeviceId    : 1f06
[2023.11.27-19.44.30:212][  0]LogD3D11RHI:     SubSysId    : 3ff11458
[2023.11.27-19.44.30:212][  0]LogD3D11RHI:     Revision    : 00a1
[2023.11.27-19.44.30:212][  0]LogD3D11RHI:     DedicatedVideoMemory : 8408530944 bytes
[2023.11.27-19.44.30:212][  0]LogD3D11RHI:     DedicatedSystemMemory : 0 bytes
[2023.11.27-19.44.30:212][  0]LogD3D11RHI:     SharedSystemMemory : 8563308544 bytes
[2023.11.27-19.44.30:212][  0]LogD3D11RHI:     AdapterLuid : 0 54207
[2023.11.27-19.44.30:219][  0]LogD3D11RHI: Creating new Direct3DDevice
[2023.11.27-19.44.30:219][  0]LogD3D11RHI:     GPU DeviceId: 0x1f06 (for the marketing name, search the web for "GPU Device Id")
[2023.11.27-19.44.30:219][  0]LogWindows: EnumDisplayDevices:
[2023.11.27-19.44.30:219][  0]LogWindows:    0. 'NVIDIA GeForce RTX 2060 SUPER' (P:1 D:1)
[2023.11.27-19.44.30:219][  0]LogWindows:    1. 'NVIDIA GeForce RTX 2060 SUPER' (P:0 D:0)
[2023.11.27-19.44.30:219][  0]LogWindows:    2. 'NVIDIA GeForce RTX 2060 SUPER' (P:0 D:0)
[2023.11.27-19.44.30:219][  0]LogWindows:    3. 'NVIDIA GeForce RTX 2060 SUPER' (P:0 D:0)
[2023.11.27-19.44.30:219][  0]LogWindows: DebugString: FoundDriverCount:4 
[2023.11.27-19.44.30:219][  0]LogD3D11RHI:     Adapter Name: NVIDIA GeForce RTX 2060 SUPER
[2023.11.27-19.44.30:219][  0]LogD3D11RHI:   Driver Version: 546.01 (internal:31.0.15.4601, unified:546.01)
[2023.11.27-19.44.30:219][  0]LogD3D11RHI:      Driver Date: 10-26-2023
[2023.11.27-19.44.30:219][  0]LogRHI: Texture pool is 5613 MB (70% of 8019 MB)
[2023.11.27-19.44.30:219][  0]LogD3D11RHI: Creating D3DDevice using adapter:
[2023.11.27-19.44.30:219][  0]LogD3D11RHI:     Description : NVIDIA GeForce RTX 2060 SUPER
[2023.11.27-19.44.30:219][  0]LogD3D11RHI:     VendorId    : 10de
[2023.11.27-19.44.30:219][  0]LogD3D11RHI:     DeviceId    : 1f06
[2023.11.27-19.44.30:219][  0]LogD3D11RHI:     SubSysId    : 3ff11458
[2023.11.27-19.44.30:220][  0]LogD3D11RHI:     Revision    : 00a1
[2023.11.27-19.44.30:220][  0]LogD3D11RHI:     DedicatedVideoMemory : 8408530944 bytes
[2023.11.27-19.44.30:220][  0]LogD3D11RHI:     DedicatedSystemMemory : 0 bytes
[2023.11.27-19.44.30:220][  0]LogD3D11RHI:     SharedSystemMemory : 8563308544 bytes
[2023.11.27-19.44.30:220][  0]LogD3D11RHI:     AdapterLuid : 0 54207
[2023.11.27-19.44.30:320][  0]LogD3D11RHI: RHI has support for 64 bit atomics
[2023.11.27-19.44.30:320][  0]LogD3D11RHI: Async texture creation enabled
[2023.11.27-19.44.30:320][  0]LogD3D11RHI: Array index from any shader is supported
[2023.11.27-19.44.30:333][  0]LogD3D11RHI: GPU Timing Frequency: 1000.000000 (Debug: 2 1)
[2023.11.27-19.44.30:357][  0]LogRHI: GeForceNow SDK initialized: 1
[2023.11.27-19.44.30:598][  0]LogTargetPlatformManager: Display: Loaded TargetPlatform 'AllDesktop'
[2023.11.27-19.44.30:616][  0]LogTargetPlatformManager: Display: Loaded TargetPlatform 'Android'
[2023.11.27-19.44.30:616][  0]LogTargetPlatformManager: Display: Loaded TargetPlatform 'Android_ASTC'
[2023.11.27-19.44.30:616][  0]LogTargetPlatformManager: Display: Loaded TargetPlatform 'Android_DXT'
[2023.11.27-19.44.30:616][  0]LogTargetPlatformManager: Display: Loaded TargetPlatform 'Android_ETC2'
[2023.11.27-19.44.30:616][  0]LogTargetPlatformManager: Display: Loaded TargetPlatform 'AndroidClient'
[2023.11.27-19.44.30:616][  0]LogTargetPlatformManager: Display: Loaded TargetPlatform 'Android_ASTCClient'
[2023.11.27-19.44.30:616][  0]LogTargetPlatformManager: Display: Loaded TargetPlatform 'Android_DXTClient'
[2023.11.27-19.44.30:616][  0]LogTargetPlatformManager: Display: Loaded TargetPlatform 'Android_ETC2Client'
[2023.11.27-19.44.30:616][  0]LogTargetPlatformManager: Display: Loaded TargetPlatform 'Android_Multi'
[2023.11.27-19.44.30:616][  0]LogTargetPlatformManager: Display: Loaded TargetPlatform 'Android_MultiClient'
[2023.11.27-19.44.30:632][  0]LogTargetPlatformManager: Display: Loaded TargetPlatform 'IOSClient'
[2023.11.27-19.44.30:632][  0]LogTargetPlatformManager: Display: Loaded TargetPlatform 'IOS'
[2023.11.27-19.44.30:640][  0]LogTargetPlatformManager: Display: Loaded TargetPlatform 'Linux'
[2023.11.27-19.44.30:644][  0]LogTargetPlatformManager: Display: Loaded TargetPlatform 'LinuxNoEditor'
[2023.11.27-19.44.30:648][  0]LogTargetPlatformManager: Display: Loaded TargetPlatform 'LinuxClient'
[2023.11.27-19.44.30:652][  0]LogTargetPlatformManager: Display: Loaded TargetPlatform 'LinuxServer'
[2023.11.27-19.44.30:660][  0]LogTargetPlatformManager: Display: Loaded TargetPlatform 'LinuxAArch64NoEditor'
[2023.11.27-19.44.30:663][  0]LogTargetPlatformManager: Display: Loaded TargetPlatform 'LinuxAArch64Client'
[2023.11.27-19.44.30:667][  0]LogTargetPlatformManager: Display: Loaded TargetPlatform 'LinuxAArch64Server'
[2023.11.27-19.44.30:687][  0]LogTargetPlatformManager: Display: Loaded TargetPlatform 'Lumin'
[2023.11.27-19.44.30:687][  0]LogTargetPlatformManager: Display: Loaded TargetPlatform 'LuminClient'
[2023.11.27-19.44.30:694][  0]LogTargetPlatformManager: Display: Loaded TargetPlatform 'MacNoEditor'
[2023.11.27-19.44.30:698][  0]LogTargetPlatformManager: Display: Loaded TargetPlatform 'Mac'
[2023.11.27-19.44.30:702][  0]LogTargetPlatformManager: Display: Loaded TargetPlatform 'MacClient'
[2023.11.27-19.44.30:705][  0]LogTargetPlatformManager: Display: Loaded TargetPlatform 'MacServer'
[2023.11.27-19.44.30:714][  0]LogTargetPlatformManager: Display: Loaded TargetPlatform 'TVOSClient'
[2023.11.27-19.44.30:714][  0]LogTargetPlatformManager: Display: Loaded TargetPlatform 'TVOS'
[2023.11.27-19.44.30:721][  0]LogTargetPlatformManager: Display: Loaded TargetPlatform 'WindowsNoEditor'
[2023.11.27-19.44.30:725][  0]LogTargetPlatformManager: Display: Loaded TargetPlatform 'Windows'
[2023.11.27-19.44.30:729][  0]LogTargetPlatformManager: Display: Loaded TargetPlatform 'WindowsClient'
[2023.11.27-19.44.30:733][  0]LogTargetPlatformManager: Display: Loaded TargetPlatform 'WindowsServer'
[2023.11.27-19.44.30:733][  0]LogTargetPlatformManager: Display: Building Assets For Windows
[2023.11.27-19.44.30:740][  0]LogAudioDebug: Display: Lib vorbis DLL was dynamically loaded.
[2023.11.27-19.44.30:765][  0]LogTextureFormatOodle: Display: Oodle Texture 2.9.0 init RDO Off
[2023.11.27-19.44.30:792][  0]LogRendererCore: Ray tracing is disabled. Reason: r.RayTracing=0.
[2023.11.27-19.44.30:792][  0]LogShaderCompilers: Guid format shader working directory is -42 characters bigger than the processId version (C:/Users/Admin/Documents/000 MY FILES/GITHUB/podstawy_programowania03/pp03WiktoriaĆmiel/Intermediate/Shaders/WorkingDirectory/16232/).
[2023.11.27-19.44.30:792][  0]LogShaderCompilers: Cleaned the shader compiler working directory 'C:/Users/Admin/AppData/Local/Temp/UnrealShaderWorkingDir/E4BA57174895017980AB638DD40FAF35/'.
[2023.11.27-19.44.30:792][  0]LogXGEController: Cannot use XGE Controller as Incredibuild is not installed on this machine.
[2023.11.27-19.44.30:792][  0]LogShaderCompilers: Cannot use XGE Shader Compiler as Incredibuild is not installed on this machine.
[2023.11.27-19.44.30:792][  0]LogShaderCompilers: Display: Using Local Shader Compiler.
[2023.11.27-19.44.31:418][  0]LogDerivedDataCache: Display: Max Cache Size: 512 MB
[2023.11.27-19.44.31:460][  0]LogDerivedDataCache: Loaded boot cache 0.04s 94MB C:/Users/Admin/AppData/Local/UnrealEngine/4.27/DerivedDataCache/Boot.ddc.
[2023.11.27-19.44.31:460][  0]LogDerivedDataCache: Display: Loaded Boot cache: C:/Users/Admin/AppData/Local/UnrealEngine/4.27/DerivedDataCache/Boot.ddc
[2023.11.27-19.44.31:461][  0]LogDerivedDataCache: FDerivedDataBackendGraph:  Pak pak cache file C:/Users/Admin/Documents/000 MY FILES/GITHUB/podstawy_programowania03/pp03WiktoriaĆmiel/DerivedDataCache/DDC.ddp not found, will not use a pak cache.
[2023.11.27-19.44.31:461][  0]LogDerivedDataCache: Unable to find inner node Pak for hierarchical cache Hierarchy.
[2023.11.27-19.44.31:461][  0]LogDerivedDataCache: FDerivedDataBackendGraph:  CompressedPak pak cache file C:/Users/Admin/Documents/000 MY FILES/GITHUB/podstawy_programowania03/pp03WiktoriaĆmiel/DerivedDataCache/Compressed.ddp not found, will not use a pak cache.
[2023.11.27-19.44.31:461][  0]LogDerivedDataCache: Unable to find inner node CompressedPak for hierarchical cache Hierarchy.
[2023.11.27-19.44.31:477][  0]LogDerivedDataCache: Display: Pak cache opened for reading ../../../Engine/DerivedDataCache/Compressed.ddp.
[2023.11.27-19.44.31:478][  0]LogDerivedDataCache: FDerivedDataBackendGraph:  EnterprisePak pak cache file ../../../Enterprise/DerivedDataCache/Compressed.ddp not found, will not use a pak cache.
[2023.11.27-19.44.31:478][  0]LogDerivedDataCache: Unable to find inner node EnterprisePak for hierarchical cache Hierarchy.
[2023.11.27-19.44.31:486][  0]LogDerivedDataCache: Speed tests for C:/Users/Admin/AppData/Local/UnrealEngine/Common/DerivedDataCache took 0.01 seconds
[2023.11.27-19.44.31:486][  0]LogDerivedDataCache: Display: Performance to C:/Users/Admin/AppData/Local/UnrealEngine/Common/DerivedDataCache: Latency=0.04ms. RandomReadSpeed=1317.40MBs, RandomWriteSpeed=127.68MBs. Assigned SpeedClass 'Local'
[2023.11.27-19.44.31:487][  0]LogDerivedDataCache: Using Local data cache path C:/Users/Admin/AppData/Local/UnrealEngine/Common/DerivedDataCache: Writable
[2023.11.27-19.44.31:487][  0]LogDerivedDataCache: Shared data cache path not found in *engine.ini, will not use an Shared cache.
[2023.11.27-19.44.31:487][  0]LogDerivedDataCache: Unable to find inner node Shared for hierarchical cache Hierarchy.
[2023.11.27-19.44.31:530][  0]LogSlate: Using FreeType 2.10.0
[2023.11.27-19.44.31:530][  0]LogSlate: SlateFontServices - WITH_FREETYPE: 1, WITH_HARFBUZZ: 1
[2023.11.27-19.44.31:551][  0]LogAssetRegistry: FAssetRegistry took 0.0026 seconds to start up
[2023.11.27-19.44.31:751][  0]LogInit: Selected Device Profile: [Windows]
[2023.11.27-19.44.31:751][  0]LogInit: Active device profile: [0000022549141000][0000022549AE17C0 49] Windows
[2023.11.27-19.44.31:751][  0]LogInit: Profiles: [0000022549141000][0000022549AE17C0 49] Windows, [0000022549132B00][0000022549AE9A80 49] WindowsNoEditor, [0000022549142000][0000022549AEC1C0 49] WindowsServer, [0000022549130900][0000022549B60480 49] WindowsClient, [0000022549141200][0000022549B64740 49] IOS, [0000022549131700][0000022549B6CA00 49] iPadAir, [0000022549143500][0000022549AE4C80 49] iPadAir2, [0000022548F31300][00000225459A7180 49] IPadPro, [0000022548F31400][0000022549BDD1C0 49] iPadAir3, [0000022549130B00][0000022549BE9480 49] iPadAir4, [0000022548F32100][0000022549BE5740 49] iPadMini2, [0000022549133700][0000022549BEDA00 49] iPadMini3, [0000022548F32C00][00000225459BE140 49] iPadMini4, [0000022549132400][0000022549AF4400 49] iPadMini5, [0000022548F40F00][0000022549B2E940 49] iPhone6, [0000022548F41000][0000022549AF8980 49] iPodTouch6, [0000022549143800][0000022549B52E80 49] iPhone7, [0000022549142900][0000022549B26EC0 49] iPodTouch7, [0000022548F31B00][0000022549BE1140 49] iPhone5S, [0000022549141400][0000022549B23400 49] iPhone6Plus, [0000022549140700][0000022549FFB6C0 49] iPhone6S, [0000022548F40900][0000022549B57980 49] iPhone6SPlus, [0000022549141500][0000022549B5A0C0 49] iPhone7Plus, [0000022549143100][0000022545B50380 49] iPhoneSE, [0000022549143700][0000022545B54640 49] iPhone8, [0000022548F41700][0000022545B58900 49] iPhone8Plus, [0000022548F33B00][0000022547476BC0 49] iPhoneX, [0000022548F43F00][000002254747AE80 49] iPhoneXS, [0000022548F33200][0000022549B2B100 49] iPhoneXSMax, [0000022548F43800][000002254747F380 49] iPhoneXR, [0000022548F31200][0000022547487640 49] iPhone11, [0000022548F41F00][000002254748B900 49] iPhone11Pro, [0000022548F32500][0000022545B6DBC0 49] iPhone11ProMax, [0000022548F43000][0000022545B74300 49] iPhoneSE2, [0000022548F30100][0000022545C6C5C0 49] iPhone12Mini, [0000022548F42300][0000022545C7A880 49] iPhone12, [0000022548F33C00][0000022545C7EB40 49] iPhone12Pro, [0000022548F40500][0000022545C82E00 49] iPhone12ProMax, [0000022548F31700][0000022545C910C0 49] iPadPro105, [0000022548F41300][0000022547483340 49] iPadPro129, [0000022548F32F00][0000022545C955C0 49] iPadPro97, [0000022548F41200][000002254A3AB880 49] iPadPro2_129, [0000022548F33500][000002254A3AFB40 49] iPad5, [0000022548F40C00][000002254A3B2280 49] iPad6, [0000022548F31C00][000002254A3B6540 49] iPad7, [0000022548F42500][0000022549FC0800 49] iPad8, [0000022548F32600][0000022549FCEAC0 49] iPadPro11, [0000022548F40200][0000022549FF6D80 49] iPadPro2_11, [0000022548F31800][0000022545B15040 49] iPadPro3_129, [0000022548F42600][0000022545B19300 49] iPadPro4_129, [0000022548F32700][000002254A3A7580 49] AppleTV, [0000022548F42000][0000022545B29840 49] AppleTV4K, [0000022548F33F00][0000022545B2DB00 49] TVOS, [0000022548F41600][0000022549F54240 49] Mac, [0000022548F32300][0000022549F58500 49] MacClient, [0000022548F40400][0000022549F607C0 49] MacNoEditor, [0000022548F32E00][0000022549F64A80 49] MacServer, [0000022548F41B00][0000022549F68D40 49] Linux, [0000022548F31900][0000022545B31000 49] LinuxAArch64, [0000022548F43E00][0000022549F512C0 49] LinuxNoEditor, [0000022548F31F00][0000022545B25540 49] LinuxAArch64NoEditor, [0000022548F43C00][0000022549F5D7C0 49] LinuxClient, [0000022548F30400][000002254A409A80 49] LinuxAArch64Client, [0000022548F42200][000002254A40C1C0 49] LinuxServer, [0000022548F33D00][0000022545B40480 49] LinuxAArch64Server, [0000022548F40A00][0000022545B44740 49] Android, [0000022548F31A00][0000022549B32A00 49] Android_Low, [0000022548F43A00][0000022549B36CC0 49] Android_Mid, [0000022548F33300][0000022545B48F80 49] Android_High, [0000022548F43900][0000022545B4D240 49] Android_Default, [0000022548F31E00][0000022549F6D500 49] Android_Adreno4xx, [0000022548F41500][000002254A405780 49] Android_Adreno5xx_Low, [0000022548F32A00][0000022549F71A00 49] Android_Adreno5xx, [0000022548F43700][0000022549F78140 49] Android_Adreno6xx, [0000022548F33600][0000022549F7C400 49] Android_Adreno6xx_Vulkan, [0000022548F40B00][0000022549F806C0 49] Android_Mali_T6xx, [0000022549141800][0000022549F84980 49] Android_Mali_T7xx, [0000022549130F00][0000022549F88C40 49] Android_Mali_T8xx, [0000022549141B00][0000022549F8CF00 49] Android_Mali_G71, [0000022549132E00][0000022549F911C0 49] Android_Mali_G72, [0000022549143A00][000002254744F480 49] Android_Mali_G72_Vulkan, [0000022549132000][0000022547453740 49] Android_Mali_G76, [0000022549143400][0000022549F759C0 49] Android_Mali_G76_Vulkan, [0000022549130400][00000225474560C0 49] Android_Mali_G77, [0000022549143200][000002254745E380 49] Android_Mali_G77_Vulkan, [0000022549130700][0000022547462640 49] Android_Mali_G78, [0000022549143300][0000022547466900 49] Android_Mali_G78_Vulkan, [0000022549132100][000002254746ABC0 49] Android_Mali_G710, [0000022549143B00][000002254746EE80 49] Android_Mali_G710_Vulkan, [0000022549133800][0000022547473140 49] Android_Vulkan_SM5, [0000022549141F00][0000022545C41400 49] Android_PowerVR_G6xxx, [0000022549132C00][0000022545C456C0 49] Android_PowerVR_GT7xxx, [0000022549142C00][0000022545C49980 49] Android_PowerVR_GE8xxx, [0000022549133300][000002254745BC00 49] Android_PowerVR_GM9xxx, [0000022549141900][0000022545C4C300 49] Android_PowerVR_GM9xxx_Vulkan, [0000022549131300][0000022545C545C0 49] Android_TegraK1, [0000022549140200][0000022545C58880 49] Android_Unknown_Vulkan, [0000022549132F00][0000022545C5CB40 49] Lumin, [0000022549140F00][0000022545C60E00 49] Lumin_Desktop, [0000022549130600][0000022545C650C0 49] HoloLens, 
[2023.11.27-19.44.31:856][  0]LogMeshReduction: Using QuadricMeshReduction for automatic static mesh reduction
[2023.11.27-19.44.31:856][  0]LogMeshReduction: Using SimplygonMeshReduction for automatic skeletal mesh reduction
[2023.11.27-19.44.31:856][  0]LogMeshReduction: Using ProxyLODMeshReduction for automatic mesh merging
[2023.11.27-19.44.31:856][  0]LogMeshReduction: No distributed automatic mesh merging module available
[2023.11.27-19.44.31:856][  0]LogMeshMerging: No distributed automatic mesh merging module available
[2023.11.27-19.44.31:869][  0]LogNetVersion: pp03WiktoriaĆmiel 1.0.0, NetCL: 17155196, EngineNetVer: 17, GameNetVer: 0 (Checksum: 3170877043)
[2023.11.27-19.44.32:189][  0]LogTexture: Default maximum texture size for cubemaps generated from long-lat sources has been changed from 512 to unlimited. In order to preserve old behaiour for '/Engine/MapTemplates/Sky/DaylightAmbientCubemap.DaylightAmbientCubemap', its maximum texture size has been explicitly set to 512.
[2023.11.27-19.44.32:234][  0]LogHMD: PokeAHoleMaterial loaded successfully
[2023.11.27-19.44.32:239][  0]LogUObjectArray: 17178 objects as part of root set at end of initial load.
[2023.11.27-19.44.32:239][  0]LogUObjectAllocator: 4302048 out of 0 bytes used by permanent object pool.
[2023.11.27-19.44.32:239][  0]LogUObjectArray: CloseDisregardForGC: 0/0 objects in disregard for GC pool
[2023.11.27-19.44.32:472][  0]LogNiagaraDebuggerClient: Niagara Debugger Client Initialized | Session: 89EE2EFF40DC053C029C28B030243936 | Instance: 63B7DC004383DF20768567BB265FF2C0 (FAT-FUCK-16232).
[2023.11.27-19.44.32:500][  0]LogPython: Using Python 3.7.7
[2023.11.27-19.44.33:011][  0]LogTcpMessaging: Initializing TcpMessaging bridge
[2023.11.27-19.44.33:018][  0]LogUdpMessaging: Initializing bridge on interface 0.0.0.0:0 to multicast group 230.0.0.1:6666.
[2023.11.27-19.44.33:143][  0]SourceControl: Source control is disabled
[2023.11.27-19.44.33:143][  0]SourceControl: Source control is disabled
[2023.11.27-19.44.33:145][  0]SourceControl: Source control is disabled
[2023.11.27-19.44.33:148][  0]SourceControl: Source control is disabled
[2023.11.27-19.44.33:156][  0]SourceControl: Source control is disabled
[2023.11.27-19.44.33:162][  0]LogUProjectInfo: Found projects:
[2023.11.27-19.44.33:324][  0]LogOpenImageDenoise: OIDN starting up
[2023.11.27-19.44.33:371][  0]LogAndroidPermission: UAndroidPermissionCallbackProxy::GetInstance
[2023.11.27-19.44.33:390][  0]LogAudioCaptureCore: Display: No Audio Capture implementations found. Audio input will be silent.
[2023.11.27-19.44.33:390][  0]LogAudioCaptureCore: Display: No Audio Capture implementations found. Audio input will be silent.
[2023.11.27-19.44.33:492][  0]LogCollectionManager: Loaded 0 collections in 0.000676 seconds
[2023.11.27-19.44.33:513][  0]LogFileCache: Scanning file cache for directory 'C:/Users/Admin/Documents/000 MY FILES/GITHUB/podstawy_programowania03/pp03WiktoriaĆmiel/Saved/Collections/' took 0.00s
[2023.11.27-19.44.33:513][  0]LogFileCache: Scanning file cache for directory 'C:/Users/Admin/Documents/000 MY FILES/GITHUB/podstawy_programowania03/pp03WiktoriaĆmiel/Content/Developers/Admin/Collections/' took 0.00s
[2023.11.27-19.44.33:513][  0]LogFileCache: Scanning file cache for directory 'C:/Users/Admin/Documents/000 MY FILES/GITHUB/podstawy_programowania03/pp03WiktoriaĆmiel/Content/Collections/' took 0.00s
[2023.11.27-19.44.33:513][  0]LogOcInput: OculusInput pre-init called
[2023.11.27-19.44.33:703][  0]LogEngine: Initializing Engine...
[2023.11.27-19.44.33:823][  0]LogHMD: Failed to enumerate extensions. Please check that you have a valid OpenXR runtime installed.
[2023.11.27-19.44.33:823][  0]LogHMD: Failed to initialize OpenVR with code 110
[2023.11.27-19.44.33:836][  0]LogMagicLeap: Warning: VR disabled because ZI is not enabled.  To enable, in the editor, Edit -> Project Settings -> Plugins -> Magic Leap Plugin -> Enable Zero Iteration
[2023.11.27-19.44.33:837][  0]LogStats: UGameplayTagsManager::InitializeManager -  0.000 s
[2023.11.27-19.44.33:940][  0]LogInit: Initializing FReadOnlyCVARCache
[2023.11.27-19.44.33:946][  0]LogAIModule: Creating AISystem for world Untitled
[2023.11.27-19.44.33:947][  0]LogAudio: Display: Initializing Audio Device Manager...
[2023.11.27-19.44.33:949][  0]LogAudio: Display: Loading Default Audio Settings Objects...
[2023.11.27-19.44.33:950][  0]LogAudio: Display: No default SoundConcurrencyObject specified (or failed to load).
[2023.11.27-19.44.33:950][  0]LogAudio: Display: Audio Device Manager Initialized
[2023.11.27-19.44.33:950][  0]LogAudio: Display: Creating Audio Device:                 Id: 1, Scope: Shared, Realtime: True
[2023.11.27-19.44.33:950][  0]LogAudioMixer: Display: Audio Mixer Platform Settings:
[2023.11.27-19.44.33:950][  0]LogAudioMixer: Display: 	Sample Rate:						  48000
[2023.11.27-19.44.33:950][  0]LogAudioMixer: Display: 	Callback Buffer Frame Size Requested: 1024
[2023.11.27-19.44.33:950][  0]LogAudioMixer: Display: 	Callback Buffer Frame Size To Use:	  1024
[2023.11.27-19.44.33:950][  0]LogAudioMixer: Display: 	Number of buffers to queue:			  2
[2023.11.27-19.44.33:950][  0]LogAudioMixer: Display: 	Max Channels (voices):				  32
[2023.11.27-19.44.33:950][  0]LogAudioMixer: Display: 	Number of Async Source Workers:		  0
[2023.11.27-19.44.33:950][  0]LogAudio: Display: AudioDevice MaxSources: 32
[2023.11.27-19.44.33:950][  0]LogAudio: Display: Audio Spatialization Plugin: None (built-in).
[2023.11.27-19.44.33:950][  0]LogAudio: Display: Audio Reverb Plugin: None (built-in).
[2023.11.27-19.44.33:950][  0]LogAudio: Display: Audio Occlusion Plugin: None (built-in).
[2023.11.27-19.44.33:950][  0]LogAudioMixer: Display: Initializing audio mixer.
[2023.11.27-19.44.33:965][  0]LogAudioMixer: Display: 0: FrontLeft
[2023.11.27-19.44.33:965][  0]LogAudioMixer: Display: 1: FrontRight
[2023.11.27-19.44.33:986][  0]LogAudioMixer: Display: Using Audio Device Headphones (Realtek High Definition Audio)
[2023.11.27-19.44.33:987][  0]LogAudioMixer: Display: Initializing Sound Submixes...
[2023.11.27-19.44.33:990][  0]LogAudioMixer: Display: Creating Master Submix 'MasterSubmixDefault'
[2023.11.27-19.44.33:990][  0]LogAudioMixer: Display: Creating Master Submix 'MasterReverbSubmixDefault'
[2023.11.27-19.44.33:990][  0]LogAudioMixer: Display: Creating Master Submix 'MasterEQSubmixDefault'
[2023.11.27-19.44.33:990][  0]LogAudioMixer: FMixerPlatformXAudio2::StartAudioStream() called
[2023.11.27-19.44.33:990][  0]LogAudioMixer: Display: Output buffers initialized: Frames=1024, Channels=2, Samples=2048
[2023.11.27-19.44.33:991][  0]LogAudioMixer: Display: Starting AudioMixerPlatformInterface::RunInternal()
[2023.11.27-19.44.33:991][  0]LogAudioMixer: Display: FMixerPlatformXAudio2::SubmitBuffer() called for the first time
[2023.11.27-19.44.33:991][  0]LogInit: FAudioDevice initialized.
[2023.11.27-19.44.33:991][  0]LogAudio: Display: Audio Device (ID: 1) registered with world 'Untitled'.
[2023.11.27-19.44.33:991][  0]LogNetVersion: Set ProjectVersion to 1.0.0.0. Version Checksum will be recalculated on next use.
[2023.11.27-19.44.34:040][  0]LogDerivedDataCache: Saved boot cache 0.05s 94MB C:/Users/Admin/AppData/Local/UnrealEngine/4.27/DerivedDataCache/Boot.ddc.
[2023.11.27-19.44.34:040][  0]LogInit: Texture streaming: Enabled
[2023.11.27-19.44.34:050][  0]LogAnalytics: Display: [UEEditor.Rocket.Release] APIServer = https://datarouter.ol.epicgames.com/. AppVersion = 4.27.2-18319896+++UE4+Release-4.27
[2023.11.27-19.44.34:053][  0]LogEngineSessionManager: EngineSessionManager initialized
[2023.11.27-19.44.34:053][  0]LogEditorSessionSummary: Verbose: Initializing EditorSessionSummaryWriter for editor session tracking
[2023.11.27-19.44.34:054][  0]LogEditorSessionSummary: EditorSessionSummaryWriter initialized
[2023.11.27-19.44.34:080][  0]LogInit: Transaction tracking system initialized
[2023.11.27-19.44.34:098][  0]BlueprintLog: New page: Editor Load
[2023.11.27-19.44.34:148][  0]LocalizationService: Localization service is disabled
[2023.11.27-19.44.34:168][  0]TimingProfiler: Initialize
[2023.11.27-19.44.34:168][  0]TimingProfiler: OnSessionChanged
[2023.11.27-19.44.34:168][  0]LoadingProfiler: Initialize
[2023.11.27-19.44.34:168][  0]LoadingProfiler: OnSessionChanged
[2023.11.27-19.44.34:168][  0]NetworkingProfiler: Initialize
[2023.11.27-19.44.34:168][  0]NetworkingProfiler: OnSessionChanged
[2023.11.27-19.44.34:168][  0]MemoryProfiler: Initialize
[2023.11.27-19.44.34:168][  0]MemoryProfiler: OnSessionChanged
[2023.11.27-19.44.34:305][  0]LogCook: Display: CookSettings for Memory: MemoryMaxUsedVirtual 0MiB, MemoryMaxUsedPhysical 16384MiB, MemoryMinFreeVirtual 0MiB, MemoryMinFreePhysical 1024MiB
[2023.11.27-19.44.34:305][  0]LogCook: Display: Mobile HDR setting 1
[2023.11.27-19.44.34:351][  0]LogFileCache: Scanning file cache for directory 'C:/Users/Admin/Documents/000 MY FILES/GITHUB/podstawy_programowania03/pp03WiktoriaĆmiel/Content/' took 0.01s
[2023.11.27-19.44.34:608][  0]LogInit: Display: Engine is initialized. Leaving FEngineLoop::Init()
[2023.11.27-19.44.34:611][  0]SourceControl: Source control is disabled
[2023.11.27-19.44.34:611][  0]LogUnrealEdMisc: Loading editor; pre map load, took 6.079
[2023.11.27-19.44.34:611][  0]Cmd: MAP LOAD FILE="C:/Users/Admin/Documents/000 MY FILES/GITHUB/podstawy_programowania03/pp03WiktoriaĆmiel/Content/LEVELS/Main.umap" TEMPLATE=0 SHOWPROGRESS=1 FEATURELEVEL=3
[2023.11.27-19.44.34:616][  0]LightingResults: New page: Lighting Build
[2023.11.27-19.44.34:617][  0]LogWorld: UWorld::CleanupWorld for Untitled, bSessionEnded=true, bCleanupResources=true
[2023.11.27-19.44.34:617][  0]LogSlate: InvalidateAllWidgets triggered.  All widgets were invalidated
[2023.11.27-19.44.34:617][  0]MapCheck: New page: Map Check
[2023.11.27-19.44.34:617][  0]LightingResults: New page: Lighting Build
[2023.11.27-19.44.34:620][  0]LogAudio: Display: Audio Device unregistered from world 'None'.
[2023.11.27-19.44.34:623][  0]LogUObjectHash: Compacting FUObjectHashTables data took   0.78ms
[2023.11.27-19.44.35:219][  0]LogAudio: Display: Audio Device (ID: 1) registered with world 'Main'.
[2023.11.27-19.44.35:219][  0]LogAIModule: Creating AISystem for world Main
[2023.11.27-19.44.35:330][  0]LogEditorServer: Finished looking for orphan Actors (0.000 secs)
[2023.11.27-19.44.35:335][  0]LogUObjectHash: Compacting FUObjectHashTables data took   0.79ms
[2023.11.27-19.44.35:336][  0]Cmd: MAP CHECKDEP NOCLEARLOG
[2023.11.27-19.44.35:336][  0]MapCheck: Map check complete: 0 Error(s), 0 Warning(s), took 0.197ms to complete.
[2023.11.27-19.44.35:336][  0]LogFileHelpers: Loading map 'Main' took 0.725
[2023.11.27-19.44.35:337][  0]LogUnrealEdMisc: Total Editor Startup Time, took 6.805
[2023.11.27-19.44.35:763][  0]LogSlate: Updating window title bar state: overlay mode, drag disabled, window buttons hidden, title bar hidden
[2023.11.27-19.44.35:768][  0]LogSlate: Updating window title bar state: overlay mode, drag disabled, window buttons hidden, title bar hidden
[2023.11.27-19.44.35:773][  0]LogSlate: Updating window title bar state: overlay mode, drag disabled, window buttons hidden, title bar hidden
[2023.11.27-19.44.35:778][  0]LogSlate: Updating window title bar state: overlay mode, drag disabled, window buttons hidden, title bar hidden
[2023.11.27-19.44.35:908][  0]LogNativeClassHierarchy: Verbose: Native class hierarchy populated in 0.0090 seconds. Added 3822 classes and 928 folders.
[2023.11.27-19.44.35:940][  0]LogNativeClassHierarchy: Verbose: Native class hierarchy updated for 'WidgetCarousel' in 0.0002 seconds. Added 0 classes and 0 folders.
[2023.11.27-19.44.36:083][  0]LogPakFile: PakFile PrimaryIndexSize=187
[2023.11.27-19.44.36:083][  0]LogPakFile: PakFile PathHashIndexSize=101
[2023.11.27-19.44.36:083][  0]LogPakFile: PakFile FullDirectoryIndexSize=148
[2023.11.27-19.44.36:083][  0]LogShaderLibrary: Display: ShaderCodeLibraryPakFileMountedCallback: PakFile 'D:/Epic Games/UE_4.27/FeaturePacks/FP_FirstPerson.upack' (chunk index -1, root 'root:/') mounted
[2023.11.27-19.44.36:083][  0]LogShaderLibrary: Display: ShaderCodeLibraryPakFileMountedCallback: pending pak file info (ChunkID:-1 Root:root:/ File:D:/Epic Games/UE_4.27/FeaturePacks/FP_FirstPerson.upack)
[2023.11.27-19.44.36:083][  0]LogPakFile: OnPakFileMounted2Time == 0.000047
[2023.11.27-19.44.36:105][  0]LogPakFile: PakFile PrimaryIndexSize=189
[2023.11.27-19.44.36:105][  0]LogPakFile: PakFile PathHashIndexSize=101
[2023.11.27-19.44.36:105][  0]LogPakFile: PakFile FullDirectoryIndexSize=152
[2023.11.27-19.44.36:105][  0]LogShaderLibrary: Display: ShaderCodeLibraryPakFileMountedCallback: PakFile 'D:/Epic Games/UE_4.27/FeaturePacks/FP_FirstPersonBP.upack' (chunk index -1, root 'root:/') mounted
[2023.11.27-19.44.36:105][  0]LogShaderLibrary: Display: ShaderCodeLibraryPakFileMountedCallback: pending pak file info (ChunkID:-1 Root:root:/ File:D:/Epic Games/UE_4.27/FeaturePacks/FP_FirstPersonBP.upack)
[2023.11.27-19.44.36:105][  0]LogPakFile: OnPakFileMounted2Time == 0.000040
[2023.11.27-19.44.36:143][  0]LogPakFile: PakFile PrimaryIndexSize=191
[2023.11.27-19.44.36:143][  0]LogPakFile: PakFile PathHashIndexSize=101
[2023.11.27-19.44.36:143][  0]LogPakFile: PakFile FullDirectoryIndexSize=160
[2023.11.27-19.44.36:143][  0]LogShaderLibrary: Display: ShaderCodeLibraryPakFileMountedCallback: PakFile 'D:/Epic Games/UE_4.27/FeaturePacks/MobileStarterContent.upack' (chunk index -1, root 'root:/') mounted
[2023.11.27-19.44.36:143][  0]LogShaderLibrary: Display: ShaderCodeLibraryPakFileMountedCallback: pending pak file info (ChunkID:-1 Root:root:/ File:D:/Epic Games/UE_4.27/FeaturePacks/MobileStarterContent.upack)
[2023.11.27-19.44.36:143][  0]LogPakFile: OnPakFileMounted2Time == 0.000039
[2023.11.27-19.44.36:157][  0]LogPakFile: PakFile PrimaryIndexSize=185
[2023.11.27-19.44.36:157][  0]LogPakFile: PakFile PathHashIndexSize=101
[2023.11.27-19.44.36:157][  0]LogPakFile: PakFile FullDirectoryIndexSize=148
[2023.11.27-19.44.36:157][  0]LogShaderLibrary: Display: ShaderCodeLibraryPakFileMountedCallback: PakFile 'D:/Epic Games/UE_4.27/FeaturePacks/StarterContent.upack' (chunk index -1, root 'root:/') mounted
[2023.11.27-19.44.36:157][  0]LogShaderLibrary: Display: ShaderCodeLibraryPakFileMountedCallback: pending pak file info (ChunkID:-1 Root:root:/ File:D:/Epic Games/UE_4.27/FeaturePacks/StarterContent.upack)
[2023.11.27-19.44.36:157][  0]LogPakFile: OnPakFileMounted2Time == 0.000058
[2023.11.27-19.44.36:172][  0]LogPakFile: PakFile PrimaryIndexSize=190
[2023.11.27-19.44.36:172][  0]LogPakFile: PakFile PathHashIndexSize=101
[2023.11.27-19.44.36:172][  0]LogPakFile: PakFile FullDirectoryIndexSize=154
[2023.11.27-19.44.36:172][  0]LogShaderLibrary: Display: ShaderCodeLibraryPakFileMountedCallback: PakFile 'D:/Epic Games/UE_4.27/FeaturePacks/TP_2DSideScroller.upack' (chunk index -1, root 'root:/') mounted
[2023.11.27-19.44.36:172][  0]LogShaderLibrary: Display: ShaderCodeLibraryPakFileMountedCallback: pending pak file info (ChunkID:-1 Root:root:/ File:D:/Epic Games/UE_4.27/FeaturePacks/TP_2DSideScroller.upack)
[2023.11.27-19.44.36:172][  0]LogPakFile: OnPakFileMounted2Time == 0.000038
[2023.11.27-19.44.36:184][  0]LogPakFile: PakFile PrimaryIndexSize=192
[2023.11.27-19.44.36:184][  0]LogPakFile: PakFile PathHashIndexSize=101
[2023.11.27-19.44.36:184][  0]LogPakFile: PakFile FullDirectoryIndexSize=158
[2023.11.27-19.44.36:184][  0]LogShaderLibrary: Display: ShaderCodeLibraryPakFileMountedCallback: PakFile 'D:/Epic Games/UE_4.27/FeaturePacks/TP_2DSideScrollerBP.upack' (chunk index -1, root 'root:/') mounted
[2023.11.27-19.44.36:184][  0]LogShaderLibrary: Display: ShaderCodeLibraryPakFileMountedCallback: pending pak file info (ChunkID:-1 Root:root:/ File:D:/Epic Games/UE_4.27/FeaturePacks/TP_2DSideScrollerBP.upack)
[2023.11.27-19.44.36:184][  0]LogPakFile: OnPakFileMounted2Time == 0.000041
[2023.11.27-19.44.36:191][  0]LogPakFile: PakFile PrimaryIndexSize=182
[2023.11.27-19.44.36:191][  0]LogPakFile: PakFile PathHashIndexSize=101
[2023.11.27-19.44.36:191][  0]LogPakFile: PakFile FullDirectoryIndexSize=138
[2023.11.27-19.44.36:191][  0]LogShaderLibrary: Display: ShaderCodeLibraryPakFileMountedCallback: PakFile 'D:/Epic Games/UE_4.27/FeaturePacks/TP_Flying.upack' (chunk index -1, root 'root:/') mounted
[2023.11.27-19.44.36:191][  0]LogShaderLibrary: Display: ShaderCodeLibraryPakFileMountedCallback: pending pak file info (ChunkID:-1 Root:root:/ File:D:/Epic Games/UE_4.27/FeaturePacks/TP_Flying.upack)
[2023.11.27-19.44.36:191][  0]LogPakFile: OnPakFileMounted2Time == 0.000030
[2023.11.27-19.44.36:196][  0]LogPakFile: PakFile PrimaryIndexSize=184
[2023.11.27-19.44.36:196][  0]LogPakFile: PakFile PathHashIndexSize=101
[2023.11.27-19.44.36:196][  0]LogPakFile: PakFile FullDirectoryIndexSize=142
[2023.11.27-19.44.36:196][  0]LogShaderLibrary: Display: ShaderCodeLibraryPakFileMountedCallback: PakFile 'D:/Epic Games/UE_4.27/FeaturePacks/TP_FlyingBP.upack' (chunk index -1, root 'root:/') mounted
[2023.11.27-19.44.36:196][  0]LogShaderLibrary: Display: ShaderCodeLibraryPakFileMountedCallback: pending pak file info (ChunkID:-1 Root:root:/ File:D:/Epic Games/UE_4.27/FeaturePacks/TP_FlyingBP.upack)
[2023.11.27-19.44.36:196][  0]LogPakFile: OnPakFileMounted2Time == 0.000028
[2023.11.27-19.44.36:216][  0]LogPakFile: PakFile PrimaryIndexSize=188
[2023.11.27-19.44.36:216][  0]LogPakFile: PakFile PathHashIndexSize=101
[2023.11.27-19.44.36:216][  0]LogPakFile: PakFile FullDirectoryIndexSize=150
[2023.11.27-19.44.36:216][  0]LogShaderLibrary: Display: ShaderCodeLibraryPakFileMountedCallback: PakFile 'D:/Epic Games/UE_4.27/FeaturePacks/TP_HandheldARBP.upack' (chunk index -1, root 'root:/') mounted
[2023.11.27-19.44.36:216][  0]LogShaderLibrary: Display: ShaderCodeLibraryPakFileMountedCallback: pending pak file info (ChunkID:-1 Root:root:/ File:D:/Epic Games/UE_4.27/FeaturePacks/TP_HandheldARBP.upack)
[2023.11.27-19.44.36:216][  0]LogPakFile: OnPakFileMounted2Time == 0.000027
[2023.11.27-19.44.36:236][  0]LogPakFile: PakFile PrimaryIndexSize=182
[2023.11.27-19.44.36:236][  0]LogPakFile: PakFile PathHashIndexSize=101
[2023.11.27-19.44.36:236][  0]LogPakFile: PakFile FullDirectoryIndexSize=138
[2023.11.27-19.44.36:236][  0]LogShaderLibrary: Display: ShaderCodeLibraryPakFileMountedCallback: PakFile 'D:/Epic Games/UE_4.27/FeaturePacks/TP_Puzzle.upack' (chunk index -1, root 'root:/') mounted
[2023.11.27-19.44.36:236][  0]LogShaderLibrary: Display: ShaderCodeLibraryPakFileMountedCallback: pending pak file info (ChunkID:-1 Root:root:/ File:D:/Epic Games/UE_4.27/FeaturePacks/TP_Puzzle.upack)
[2023.11.27-19.44.36:236][  0]LogPakFile: OnPakFileMounted2Time == 0.000027
[2023.11.27-19.44.36:240][  0]LogPakFile: PakFile PrimaryIndexSize=184
[2023.11.27-19.44.36:240][  0]LogPakFile: PakFile PathHashIndexSize=101
[2023.11.27-19.44.36:240][  0]LogPakFile: PakFile FullDirectoryIndexSize=142
[2023.11.27-19.44.36:240][  0]LogShaderLibrary: Display: ShaderCodeLibraryPakFileMountedCallback: PakFile 'D:/Epic Games/UE_4.27/FeaturePacks/TP_PuzzleBP.upack' (chunk index -1, root 'root:/') mounted
[2023.11.27-19.44.36:240][  0]LogShaderLibrary: Display: ShaderCodeLibraryPakFileMountedCallback: pending pak file info (ChunkID:-1 Root:root:/ File:D:/Epic Games/UE_4.27/FeaturePacks/TP_PuzzleBP.upack)
[2023.11.27-19.44.36:240][  0]LogPakFile: OnPakFileMounted2Time == 0.000030
[2023.11.27-19.44.36:244][  0]LogPakFile: PakFile PrimaryIndexSize=183
[2023.11.27-19.44.36:244][  0]LogPakFile: PakFile PathHashIndexSize=101
[2023.11.27-19.44.36:244][  0]LogPakFile: PakFile FullDirectoryIndexSize=140
[2023.11.27-19.44.36:244][  0]LogShaderLibrary: Display: ShaderCodeLibraryPakFileMountedCallback: PakFile 'D:/Epic Games/UE_4.27/FeaturePacks/TP_Rolling.upack' (chunk index -1, root 'root:/') mounted
[2023.11.27-19.44.36:244][  0]LogShaderLibrary: Display: ShaderCodeLibraryPakFileMountedCallback: pending pak file info (ChunkID:-1 Root:root:/ File:D:/Epic Games/UE_4.27/FeaturePacks/TP_Rolling.upack)
[2023.11.27-19.44.36:244][  0]LogPakFile: OnPakFileMounted2Time == 0.000027
[2023.11.27-19.44.36:248][  0]LogPakFile: PakFile PrimaryIndexSize=185
[2023.11.27-19.44.36:248][  0]LogPakFile: PakFile PathHashIndexSize=101
[2023.11.27-19.44.36:248][  0]LogPakFile: PakFile FullDirectoryIndexSize=144
[2023.11.27-19.44.36:248][  0]LogShaderLibrary: Display: ShaderCodeLibraryPakFileMountedCallback: PakFile 'D:/Epic Games/UE_4.27/FeaturePacks/TP_RollingBP.upack' (chunk index -1, root 'root:/') mounted
[2023.11.27-19.44.36:248][  0]LogShaderLibrary: Display: ShaderCodeLibraryPakFileMountedCallback: pending pak file info (ChunkID:-1 Root:root:/ File:D:/Epic Games/UE_4.27/FeaturePacks/TP_RollingBP.upack)
[2023.11.27-19.44.36:248][  0]LogPakFile: OnPakFileMounted2Time == 0.000027
[2023.11.27-19.44.36:252][  0]LogPakFile: PakFile PrimaryIndexSize=188
[2023.11.27-19.44.36:252][  0]LogPakFile: PakFile PathHashIndexSize=101
[2023.11.27-19.44.36:252][  0]LogPakFile: PakFile FullDirectoryIndexSize=150
[2023.11.27-19.44.36:252][  0]LogShaderLibrary: Display: ShaderCodeLibraryPakFileMountedCallback: PakFile 'D:/Epic Games/UE_4.27/FeaturePacks/TP_SideScroller.upack' (chunk index -1, root 'root:/') mounted
[2023.11.27-19.44.36:252][  0]LogShaderLibrary: Display: ShaderCodeLibraryPakFileMountedCallback: pending pak file info (ChunkID:-1 Root:root:/ File:D:/Epic Games/UE_4.27/FeaturePacks/TP_SideScroller.upack)
[2023.11.27-19.44.36:252][  0]LogPakFile: OnPakFileMounted2Time == 0.000027
[2023.11.27-19.44.36:256][  0]LogPakFile: PakFile PrimaryIndexSize=190
[2023.11.27-19.44.36:256][  0]LogPakFile: PakFile PathHashIndexSize=101
[2023.11.27-19.44.36:256][  0]LogPakFile: PakFile FullDirectoryIndexSize=154
[2023.11.27-19.44.36:256][  0]LogShaderLibrary: Display: ShaderCodeLibraryPakFileMountedCallback: PakFile 'D:/Epic Games/UE_4.27/FeaturePacks/TP_SideScrollerBP.upack' (chunk index -1, root 'root:/') mounted
[2023.11.27-19.44.36:257][  0]LogShaderLibrary: Display: ShaderCodeLibraryPakFileMountedCallback: pending pak file info (ChunkID:-1 Root:root:/ File:D:/Epic Games/UE_4.27/FeaturePacks/TP_SideScrollerBP.upack)
[2023.11.27-19.44.36:257][  0]LogPakFile: OnPakFileMounted2Time == 0.000030
[2023.11.27-19.44.36:261][  0]LogPakFile: PakFile PrimaryIndexSize=187
[2023.11.27-19.44.36:261][  0]LogPakFile: PakFile PathHashIndexSize=101
[2023.11.27-19.44.36:261][  0]LogPakFile: PakFile FullDirectoryIndexSize=148
[2023.11.27-19.44.36:261][  0]LogShaderLibrary: Display: ShaderCodeLibraryPakFileMountedCallback: PakFile 'D:/Epic Games/UE_4.27/FeaturePacks/TP_ThirdPerson.upack' (chunk index -1, root 'root:/') mounted
[2023.11.27-19.44.36:261][  0]LogShaderLibrary: Display: ShaderCodeLibraryPakFileMountedCallback: pending pak file info (ChunkID:-1 Root:root:/ File:D:/Epic Games/UE_4.27/FeaturePacks/TP_ThirdPerson.upack)
[2023.11.27-19.44.36:261][  0]LogPakFile: OnPakFileMounted2Time == 0.000030
[2023.11.27-19.44.36:265][  0]LogPakFile: PakFile PrimaryIndexSize=189
[2023.11.27-19.44.36:265][  0]LogPakFile: PakFile PathHashIndexSize=101
[2023.11.27-19.44.36:265][  0]LogPakFile: PakFile FullDirectoryIndexSize=152
[2023.11.27-19.44.36:265][  0]LogShaderLibrary: Display: ShaderCodeLibraryPakFileMountedCallback: PakFile 'D:/Epic Games/UE_4.27/FeaturePacks/TP_ThirdPersonBP.upack' (chunk index -1, root 'root:/') mounted
[2023.11.27-19.44.36:265][  0]LogShaderLibrary: Display: ShaderCodeLibraryPakFileMountedCallback: pending pak file info (ChunkID:-1 Root:root:/ File:D:/Epic Games/UE_4.27/FeaturePacks/TP_ThirdPersonBP.upack)
[2023.11.27-19.44.36:265][  0]LogPakFile: OnPakFileMounted2Time == 0.000027
[2023.11.27-19.44.36:269][  0]LogPakFile: PakFile PrimaryIndexSize=183
[2023.11.27-19.44.36:269][  0]LogPakFile: PakFile PathHashIndexSize=101
[2023.11.27-19.44.36:269][  0]LogPakFile: PakFile FullDirectoryIndexSize=140
[2023.11.27-19.44.36:269][  0]LogShaderLibrary: Display: ShaderCodeLibraryPakFileMountedCallback: PakFile 'D:/Epic Games/UE_4.27/FeaturePacks/TP_TopDown.upack' (chunk index -1, root 'root:/') mounted
[2023.11.27-19.44.36:269][  0]LogShaderLibrary: Display: ShaderCodeLibraryPakFileMountedCallback: pending pak file info (ChunkID:-1 Root:root:/ File:D:/Epic Games/UE_4.27/FeaturePacks/TP_TopDown.upack)
[2023.11.27-19.44.36:269][  0]LogPakFile: OnPakFileMounted2Time == 0.000033
[2023.11.27-19.44.36:273][  0]LogPakFile: PakFile PrimaryIndexSize=185
[2023.11.27-19.44.36:273][  0]LogPakFile: PakFile PathHashIndexSize=101
[2023.11.27-19.44.36:273][  0]LogPakFile: PakFile FullDirectoryIndexSize=144
[2023.11.27-19.44.36:273][  0]LogShaderLibrary: Display: ShaderCodeLibraryPakFileMountedCallback: PakFile 'D:/Epic Games/UE_4.27/FeaturePacks/TP_TopDownBP.upack' (chunk index -1, root 'root:/') mounted
[2023.11.27-19.44.36:273][  0]LogShaderLibrary: Display: ShaderCodeLibraryPakFileMountedCallback: pending pak file info (ChunkID:-1 Root:root:/ File:D:/Epic Games/UE_4.27/FeaturePacks/TP_TopDownBP.upack)
[2023.11.27-19.44.36:273][  0]LogPakFile: OnPakFileMounted2Time == 0.000027
[2023.11.27-19.44.36:281][  0]LogPakFile: PakFile PrimaryIndexSize=185
[2023.11.27-19.44.36:281][  0]LogPakFile: PakFile PathHashIndexSize=101
[2023.11.27-19.44.36:281][  0]LogPakFile: PakFile FullDirectoryIndexSize=144
[2023.11.27-19.44.36:281][  0]LogShaderLibrary: Display: ShaderCodeLibraryPakFileMountedCallback: PakFile 'D:/Epic Games/UE_4.27/FeaturePacks/TP_TwinStick.upack' (chunk index -1, root 'root:/') mounted
[2023.11.27-19.44.36:281][  0]LogShaderLibrary: Display: ShaderCodeLibraryPakFileMountedCallback: pending pak file info (ChunkID:-1 Root:root:/ File:D:/Epic Games/UE_4.27/FeaturePacks/TP_TwinStick.upack)
[2023.11.27-19.44.36:281][  0]LogPakFile: OnPakFileMounted2Time == 0.000027
[2023.11.27-19.44.36:285][  0]LogPakFile: PakFile PrimaryIndexSize=187
[2023.11.27-19.44.36:285][  0]LogPakFile: PakFile PathHashIndexSize=101
[2023.11.27-19.44.36:285][  0]LogPakFile: PakFile FullDirectoryIndexSize=148
[2023.11.27-19.44.36:285][  0]LogShaderLibrary: Display: ShaderCodeLibraryPakFileMountedCallback: PakFile 'D:/Epic Games/UE_4.27/FeaturePacks/TP_TwinStickBP.upack' (chunk index -1, root 'root:/') mounted
[2023.11.27-19.44.36:285][  0]LogShaderLibrary: Display: ShaderCodeLibraryPakFileMountedCallback: pending pak file info (ChunkID:-1 Root:root:/ File:D:/Epic Games/UE_4.27/FeaturePacks/TP_TwinStickBP.upack)
[2023.11.27-19.44.36:285][  0]LogPakFile: OnPakFileMounted2Time == 0.000027
[2023.11.27-19.44.36:304][  0]LogPakFile: PakFile PrimaryIndexSize=183
[2023.11.27-19.44.36:304][  0]LogPakFile: PakFile PathHashIndexSize=101
[2023.11.27-19.44.36:304][  0]LogPakFile: PakFile FullDirectoryIndexSize=140
[2023.11.27-19.44.36:304][  0]LogShaderLibrary: Display: ShaderCodeLibraryPakFileMountedCallback: PakFile 'D:/Epic Games/UE_4.27/FeaturePacks/TP_Vehicle.upack' (chunk index -1, root 'root:/') mounted
[2023.11.27-19.44.36:304][  0]LogShaderLibrary: Display: ShaderCodeLibraryPakFileMountedCallback: pending pak file info (ChunkID:-1 Root:root:/ File:D:/Epic Games/UE_4.27/FeaturePacks/TP_Vehicle.upack)
[2023.11.27-19.44.36:304][  0]LogPakFile: OnPakFileMounted2Time == 0.000027
[2023.11.27-19.44.36:308][  0]LogPakFile: PakFile PrimaryIndexSize=186
[2023.11.27-19.44.36:308][  0]LogPakFile: PakFile PathHashIndexSize=101
[2023.11.27-19.44.36:308][  0]LogPakFile: PakFile FullDirectoryIndexSize=146
[2023.11.27-19.44.36:308][  0]LogShaderLibrary: Display: ShaderCodeLibraryPakFileMountedCallback: PakFile 'D:/Epic Games/UE_4.27/FeaturePacks/TP_VehicleAdv.upack' (chunk index -1, root 'root:/') mounted
[2023.11.27-19.44.36:308][  0]LogShaderLibrary: Display: ShaderCodeLibraryPakFileMountedCallback: pending pak file info (ChunkID:-1 Root:root:/ File:D:/Epic Games/UE_4.27/FeaturePacks/TP_VehicleAdv.upack)
[2023.11.27-19.44.36:308][  0]LogPakFile: OnPakFileMounted2Time == 0.000030
[2023.11.27-19.44.36:312][  0]LogPakFile: PakFile PrimaryIndexSize=188
[2023.11.27-19.44.36:312][  0]LogPakFile: PakFile PathHashIndexSize=101
[2023.11.27-19.44.36:312][  0]LogPakFile: PakFile FullDirectoryIndexSize=150
[2023.11.27-19.44.36:312][  0]LogShaderLibrary: Display: ShaderCodeLibraryPakFileMountedCallback: PakFile 'D:/Epic Games/UE_4.27/FeaturePacks/TP_VehicleAdvBP.upack' (chunk index -1, root 'root:/') mounted
[2023.11.27-19.44.36:312][  0]LogShaderLibrary: Display: ShaderCodeLibraryPakFileMountedCallback: pending pak file info (ChunkID:-1 Root:root:/ File:D:/Epic Games/UE_4.27/FeaturePacks/TP_VehicleAdvBP.upack)
[2023.11.27-19.44.36:312][  0]LogPakFile: OnPakFileMounted2Time == 0.000027
[2023.11.27-19.44.36:316][  0]LogPakFile: PakFile PrimaryIndexSize=185
[2023.11.27-19.44.36:316][  0]LogPakFile: PakFile PathHashIndexSize=101
[2023.11.27-19.44.36:316][  0]LogPakFile: PakFile FullDirectoryIndexSize=144
[2023.11.27-19.44.36:316][  0]LogShaderLibrary: Display: ShaderCodeLibraryPakFileMountedCallback: PakFile 'D:/Epic Games/UE_4.27/FeaturePacks/TP_VehicleBP.upack' (chunk index -1, root 'root:/') mounted
[2023.11.27-19.44.36:316][  0]LogShaderLibrary: Display: ShaderCodeLibraryPakFileMountedCallback: pending pak file info (ChunkID:-1 Root:root:/ File:D:/Epic Games/UE_4.27/FeaturePacks/TP_VehicleBP.upack)
[2023.11.27-19.44.36:316][  0]LogPakFile: OnPakFileMounted2Time == 0.000029
[2023.11.27-19.44.36:321][  0]LogPakFile: PakFile PrimaryIndexSize=192
[2023.11.27-19.44.36:321][  0]LogPakFile: PakFile PathHashIndexSize=101
[2023.11.27-19.44.36:321][  0]LogPakFile: PakFile FullDirectoryIndexSize=158
[2023.11.27-19.44.36:321][  0]LogShaderLibrary: Display: ShaderCodeLibraryPakFileMountedCallback: PakFile 'D:/Epic Games/UE_4.27/FeaturePacks/TP_VirtualRealityBP.upack' (chunk index -1, root 'root:/') mounted
[2023.11.27-19.44.36:321][  0]LogShaderLibrary: Display: ShaderCodeLibraryPakFileMountedCallback: pending pak file info (ChunkID:-1 Root:root:/ File:D:/Epic Games/UE_4.27/FeaturePacks/TP_VirtualRealityBP.upack)
[2023.11.27-19.44.36:321][  0]LogPakFile: OnPakFileMounted2Time == 0.000027
[2023.11.27-19.44.37:450][  0]LogNativeClassHierarchy: Verbose: Native class hierarchy updated for 'AddContentDialog' in 0.0003 seconds. Added 0 classes and 0 folders.
[2023.11.27-19.44.37:488][  0]LogNativeClassHierarchy: Verbose: Native class hierarchy updated for 'SceneOutliner' in 0.0003 seconds. Added 2 classes and 0 folders.
[2023.11.27-19.44.37:713][  0]LogSlate: Took 0.000221 seconds to synchronously load lazily loaded font '../../../Engine/Content/Slate/Fonts/Roboto-Regular.ttf' (155K)
[2023.11.27-19.44.37:731][  0]LogSlate: Took 0.016903 seconds to synchronously load lazily loaded font '../../../Engine/Content/Editor/Slate/Fonts/FontAwesome.ttf' (139K)
[2023.11.27-19.44.37:745][  0]LogSlate: Took 0.000199 seconds to synchronously load lazily loaded font '../../../Engine/Content/Slate/Fonts/Roboto-Bold.ttf' (160K)
[2023.11.27-19.44.38:070][  0]LogRenderer: Reallocating scene render targets to support 1208x700 Format 10 NumSamples 1 (Frame:1).
[2023.11.27-19.44.38:306][  0]LogNativeClassHierarchy: Verbose: Native class hierarchy updated for 'HierarchicalLODOutliner' in 0.0002 seconds. Added 0 classes and 0 folders.
[2023.11.27-19.44.38:306][  0]LogLoad: (Engine Initialization) Total time: 9.77 seconds
[2023.11.27-19.44.38:306][  0]LogLoad: (Engine Initialization) Total Blueprint compile time: 0.00 seconds
[2023.11.27-19.44.38:348][  0]LogAssetRegistry: Asset discovery search completed in 6.7989 seconds
[2023.11.27-19.44.38:353][  0]LogCollectionManager: Fixed up redirectors for 0 collections in 0.000003 seconds (updated 0 objects)
[2023.11.27-19.44.38:365][  0]LogContentStreaming: Texture pool size now 1000 MB
[2023.11.27-19.44.39:016][  2]LogSlate: Took 0.017622 seconds to synchronously load lazily loaded font '../../../Engine/Content/Slate/Fonts/Roboto-Light.ttf' (167K)
[2023.11.27-19.50.51:337][613]LogTemp: Repeating last play command: New Editor Window (PIE)
[2023.11.27-19.50.51:350][613]LogPlayLevel: PlayLevel: No blueprints needed recompiling
[2023.11.27-19.50.51:387][613]PIE: New page: PIE session: Main (27 Nov 2023, 21:50:51)
[2023.11.27-19.50.51:406][613]LogOnline: OSS: Creating online subsystem instance for: NULL
[2023.11.27-19.50.51:416][613]LogOnline: OSS: TryLoadSubsystemAndSetDefault: Loaded subsystem for module [NULL]
[2023.11.27-19.50.51:416][613]LogPlayLevel: Creating play world package: /Game/LEVELS/UEDPIE_0_Main
[2023.11.27-19.50.51:425][613]LogPlayLevel: PIE: StaticDuplicateObject took: (0.009588s)
[2023.11.27-19.50.51:434][613]LogAIModule: Creating AISystem for world Main
[2023.11.27-19.50.51:434][613]LogPlayLevel: PIE: World Init took: (0.008395s)
[2023.11.27-19.50.51:434][613]LogPlayLevel: PIE: Created PIE world by copying editor world from /Game/LEVELS/Main.Main to /Game/LEVELS/UEDPIE_0_Main.Main (0.018237s)
[2023.11.27-19.50.51:441][613]LogUObjectHash: Compacting FUObjectHashTables data took   0.69ms
[2023.11.27-19.50.51:442][613]LogAudio: Display: Creating Audio Device:                 Id: 2, Scope: Unique, Realtime: True
[2023.11.27-19.50.51:442][613]LogAudioMixer: Display: Audio Mixer Platform Settings:
[2023.11.27-19.50.51:442][613]LogAudioMixer: Display: 	Sample Rate:						  48000
[2023.11.27-19.50.51:442][613]LogAudioMixer: Display: 	Callback Buffer Frame Size Requested: 1024
[2023.11.27-19.50.51:442][613]LogAudioMixer: Display: 	Callback Buffer Frame Size To Use:	  1024
[2023.11.27-19.50.51:442][613]LogAudioMixer: Display: 	Number of buffers to queue:			  2
[2023.11.27-19.50.51:442][613]LogAudioMixer: Display: 	Max Channels (voices):				  32
[2023.11.27-19.50.51:442][613]LogAudioMixer: Display: 	Number of Async Source Workers:		  0
[2023.11.27-19.50.51:442][613]LogAudio: Display: AudioDevice MaxSources: 32
[2023.11.27-19.50.51:442][613]LogAudio: Display: Audio Spatialization Plugin: None (built-in).
[2023.11.27-19.50.51:442][613]LogAudio: Display: Audio Reverb Plugin: None (built-in).
[2023.11.27-19.50.51:442][613]LogAudio: Display: Audio Occlusion Plugin: None (built-in).
[2023.11.27-19.50.51:442][613]LogAudioMixer: Display: Initializing audio mixer.
[2023.11.27-19.50.51:478][613]LogAudioMixer: Display: 0: FrontLeft
[2023.11.27-19.50.51:478][613]LogAudioMixer: Display: 1: FrontRight
[2023.11.27-19.50.51:492][613]LogAudioMixer: Display: Using Audio Device Headphones (Realtek High Definition Audio)
[2023.11.27-19.50.51:492][613]LogAudioMixer: Display: Initializing Sound Submixes...
[2023.11.27-19.50.51:492][613]LogAudioMixer: Display: Creating Master Submix 'MasterSubmixDefault'
[2023.11.27-19.50.51:492][613]LogAudioMixer: Display: Creating Master Submix 'MasterReverbSubmixDefault'
[2023.11.27-19.50.51:493][613]LogAudioMixer: Display: Creating Master Submix 'MasterEQSubmixDefault'
[2023.11.27-19.50.51:493][613]LogAudioMixer: FMixerPlatformXAudio2::StartAudioStream() called
[2023.11.27-19.50.51:493][613]LogAudioMixer: Display: Output buffers initialized: Frames=1024, Channels=2, Samples=2048
[2023.11.27-19.50.51:494][613]LogAudioMixer: Display: Starting AudioMixerPlatformInterface::RunInternal()
[2023.11.27-19.50.51:494][613]LogAudioMixer: Display: FMixerPlatformXAudio2::SubmitBuffer() called for the first time
[2023.11.27-19.50.51:494][613]LogInit: FAudioDevice initialized.
[2023.11.27-19.50.51:494][613]LogAudio: Display: Audio Device (ID: 2) registered with world 'Main'.
[2023.11.27-19.50.51:532][613]LogSlate: Updating window title bar state: overlay mode, drag disabled, window buttons hidden, title bar hidden
[2023.11.27-19.50.52:384][613]LogSkeletalMesh: Display: [AssetLog] C:\Users\Admin\Documents\000 MY FILES\GITHUB\podstawy_programowania03\pp03WiktoriaĆmiel\Content\Weapons\Rifle.uasset: Find and fix some bad tangent! please re-import this skeletal mesh asset to fix the issue. The shading of the skeletal mesh will be bad and faceted.
[2023.11.27-19.50.52:416][613]LogLoad: Game class is 'BP_TopDownShooterGameMode_01_C'
[2023.11.27-19.50.52:435][613]LogWorld: Bringing World /Game/LEVELS/UEDPIE_0_Main.Main up for play (max tick rate 0) at 2023.11.27-20.50.52
[2023.11.27-19.50.52:467][613]LogWorld: Bringing up level for play took: 0.032522
[2023.11.27-19.50.52:467][613]LogOnline: OSS: Creating online subsystem instance for: :Context_2
[2023.11.27-19.50.52:538][613]LogNativeClassHierarchy: Verbose: Native class hierarchy updated for 'MovieSceneCapture' in 0.0003 seconds. Added 20 classes and 0 folders.
[2023.11.27-19.50.52:662][613]PIE: Server logged in
[2023.11.27-19.50.52:663][613]PIE: Play in editor total start time 1.321 seconds.
[2023.11.27-19.50.52:736][614]LogRenderer: Reallocating scene render targets to support 1912x1016 Format 10 NumSamples 1 (Frame:1).
[2023.11.27-19.51.04:315][964]LogSlate: Updating window title bar state: overlay mode, drag disabled, window buttons hidden, title bar hidden
[2023.11.27-19.51.04:315][964]LogWorld: BeginTearingDown for /Game/LEVELS/UEDPIE_0_Main
[2023.11.27-19.51.04:316][964]LogSlate: Window 'pp03WiktoriaĆmiel Preview [NetMode: Standalone]  (64-bit/Windows) ' being destroyed
[2023.11.27-19.51.04:319][964]LogWorld: UWorld::CleanupWorld for Main, bSessionEnded=true, bCleanupResources=true
[2023.11.27-19.51.04:320][964]LogSlate: InvalidateAllWidgets triggered.  All widgets were invalidated
[2023.11.27-19.51.04:328][964]LogPlayLevel: Display: Shutting down PIE online subsystems
[2023.11.27-19.51.04:330][964]LogSlate: InvalidateAllWidgets triggered.  All widgets were invalidated
[2023.11.27-19.51.04:333][964]LogAudio: Display: Audio Device unregistered from world 'None'.
[2023.11.27-19.51.04:333][964]LogAudioMixer: FMixerPlatformXAudio2::StopAudioStream() called
[2023.11.27-19.51.04:334][964]LogAudioMixer: FMixerPlatformXAudio2::StopAudioStream() called
[2023.11.27-19.51.04:338][964]LogUObjectHash: Compacting FUObjectHashTables data took   0.99ms
[2023.11.27-19.51.04:376][967]LogPlayLevel: Display: Destroying online subsystem :Context_2
[2023.11.27-19.51.57:800][343]LogSlate: Took 0.004045 seconds to synchronously load lazily loaded font '../../../Engine/Content/Slate/Fonts/Roboto-Light.ttf' (167K)
[2023.11.27-19.51.57:818][343]LogAssetEditorSubsystem: Opening Asset editor for Blueprint /Game/BLUEPRINTS/AI/BP_Spider_01.BP_Spider_01
[2023.11.27-19.51.59:340][343]LogNativeClassHierarchy: Verbose: Native class hierarchy updated for 'BlueprintGraph' in 0.0005 seconds. Added 126 classes and 0 folders.
[2023.11.27-19.52.00:582][343]LogSlate: Took 0.003801 seconds to synchronously load lazily loaded font '../../../Engine/Content/Slate/Fonts/Roboto-BoldCondensed.ttf' (158K)
[2023.11.27-19.52.00:830][344]LogSlate: Took 0.015350 seconds to synchronously load lazily loaded font '../../../Engine/Content/Slate/Fonts/Roboto-Italic.ttf' (157K)
